#
# A fatal error has been detected by the Java Runtime Environment:
#
#  Internal Error (node.cpp:1971), pid=12776, tid=0x00007f543faa2700
#  Error: ShouldNotCall()
#
# JRE version: OpenJDK Runtime Environment (8.0_152-b01) (build 1.8.0_152-release-915-b01)
# Java VM: OpenJDK 64-Bit Server VM (25.152-b01 mixed mode linux-amd64 compressed oops)
# Failed to write core dump. Core dumps have been disabled. To enable core dumping, try "ulimit -c unlimited" before starting Java again
#
# If you would like to submit a bug report, please visit:
#   http://bugreport.java.com/bugreport/crash.jsp
#

---------------  T H R E A D  ---------------

Current thread (0x00007f54740c4800):  JavaThread "C2 CompilerThread0" daemon [_thread_in_native, id=12914, stack(0x00007f543f9a2000,0x00007f543faa3000)]

Stack: [0x00007f543f9a2000,0x00007f543faa3000],  sp=0x00007f543fa9e700,  free space=1009k
Native frames: (J=compiled Java code, j=interpreted, Vv=VM code, C=native code)
V  [libjvm.so+0x9eb15d]  VMError::report_and_die()+0x15d
V  [libjvm.so+0x4b8f4f]  report_should_not_call(char const*, int)+0x4f
V  [libjvm.so+0x8265d5]  Node::out_RegMask() const+0x15
V  [libjvm.so+0x3de9cf]  PhaseChaitin::de_ssa()+0x6f
V  [libjvm.so+0x3e1c35]  PhaseChaitin::Register_Allocate()+0xd5
V  [libjvm.so+0x468168]  Compile::Code_Gen()+0x258
V  [libjvm.so+0x46945e]  Compile::Compile(ciEnv*, C2Compiler*, ciMethod*, int, bool, bool, bool)+0x113e
V  [libjvm.so+0x3c6038]  C2Compiler::compile_method(ciEnv*, ciMethod*, int)+0x1c8
V  [libjvm.so+0x471ad2]  CompileBroker::invoke_compiler_on_method(CompileTask*)+0x8b2
V  [libjvm.so+0x472988]  CompileBroker::compiler_thread_loop()+0x4e8
V  [libjvm.so+0x996db8]  JavaThread::thread_main_inner()+0xd8
V  [libjvm.so+0x84e792]  java_start(Thread*)+0xf2
C  [libpthread.so.0+0x76ba]  start_thread+0xca


Current CompileTask:
C2:   1725  924       4       org.objectweb.asm.Item::a (354 bytes)


---------------  P R O C E S S  ---------------

Java Threads: ( => current thread )
  0x00007f54740cd800 JavaThread "Service Thread" daemon [_thread_blocked, id=12933, stack(0x00007f543f59e000,0x00007f543f69f000)]
  0x00007f54740cb000 JavaThread "C1 CompilerThread3" daemon [_thread_blocked, id=12926, stack(0x00007f543f69f000,0x00007f543f7a0000)]
  0x00007f54740c9000 JavaThread "C2 CompilerThread2" daemon [_thread_blocked, id=12924, stack(0x00007f543f7a0000,0x00007f543f8a1000)]
  0x00007f54740c7000 JavaThread "C2 CompilerThread1" daemon [_thread_in_native, id=12917, stack(0x00007f543f8a1000,0x00007f543f9a2000)]
=>0x00007f54740c4800 JavaThread "C2 CompilerThread0" daemon [_thread_in_native, id=12914, stack(0x00007f543f9a2000,0x00007f543faa3000)]
  0x00007f54740c3000 JavaThread "Signal Dispatcher" daemon [_thread_blocked, id=12913, stack(0x00007f543faa3000,0x00007f543fba4000)]
  0x00007f5474090000 JavaThread "Finalizer" daemon [_thread_blocked, id=12870, stack(0x00007f54640f1000,0x00007f54641f2000)]
  0x00007f547408b800 JavaThread "Reference Handler" daemon [_thread_blocked, id=12866, stack(0x00007f54641f2000,0x00007f54642f3000)]
  0x00007f547400e000 JavaThread "main" [_thread_in_Java, id=12798, stack(0x00007f547d6cd000,0x00007f547d7ce000)]

Other Threads:
  0x00007f5474083800 VMThread [stack: 0x00007f54642f3000,0x00007f54643f4000] [id=12844]
  0x00007f54740d0000 WatcherThread [stack: 0x00007f543f49d000,0x00007f543f59e000] [id=12936]

VM state:not at safepoint (normal execution)

VM Mutex/Monitor currently owned by a thread: None

Heap:
 PSYoungGen      total 18944K, used 12369K [0x00000000feb00000, 0x0000000100000000, 0x0000000100000000)
  eden space 16384K, 59% used [0x00000000feb00000,0x00000000ff495588,0x00000000ffb00000)
  from space 2560K, 99% used [0x00000000ffd80000,0x00000000fffff248,0x0000000100000000)
  to   space 2560K, 0% used [0x00000000ffb00000,0x00000000ffb00000,0x00000000ffd80000)
 ParOldGen       total 44032K, used 5093K [0x00000000fc000000, 0x00000000feb00000, 0x00000000feb00000)
  object space 44032K, 11% used [0x00000000fc000000,0x00000000fc4f9798,0x00000000feb00000)
 Metaspace       used 7463K, capacity 7624K, committed 7936K, reserved 1056768K
  class space    used 858K, capacity 924K, committed 1024K, reserved 1048576K

Card table byte_map: [0x00007f547d6ac000,0x00007f547d6cd000] byte_map_base: 0x00007f547cecc000

Marking Bits: (ParMarkBitMap*) 0x00007f547cb9c3e0
 Begin Bits: [0x00007f5479b51000, 0x00007f5479c51000)
 End Bits:   [0x00007f5479c51000, 0x00007f5479d51000)

Polling page: 0x00007f547d7ef000

CodeCache: size=245760Kb used=3507Kb max_used=3512Kb free=242252Kb
 bounds [0x00007f5465000000, 0x00007f5465380000, 0x00007f5474000000]
 total_blobs=1248 nmethods=926 adapters=237
 compilation: enabled

Compilation events (10 events):
Event: 1,698 Thread 0x00007f54740c4800  920       4       org.objectweb.asm.ByteVector::putByteArray (49 bytes)
Event: 1,698 Thread 0x00007f54740c9000 nmethod 917 0x00007f546536dd90 code [0x00007f546536df00, 0x00007f546536e268]
Event: 1,699 Thread 0x00007f54740c9000  921       4       org.objectweb.asm.MethodVisitor::visitInsn (16 bytes)
Event: 1,699 Thread 0x00007f54740c4800 nmethod 920 0x00007f5465360710 code [0x00007f5465360860, 0x00007f54653609b8]
Event: 1,707 Thread 0x00007f54740c9000 nmethod 921 0x00007f5465359790 code [0x00007f54653598e0, 0x00007f5465359958]
Event: 1,715 Thread 0x00007f54740cb000  922       3       org.objectweb.asm.ClassReader::accept (11 bytes)
Event: 1,715 Thread 0x00007f54740cb000 nmethod 922 0x00007f546536d890 code [0x00007f546536da00, 0x00007f546536dca8]
Event: 1,715 Thread 0x00007f54740cb000  923       3       org.objectweb.asm.ClassVisitor::visitSource (17 bytes)
Event: 1,716 Thread 0x00007f54740cb000 nmethod 923 0x00007f546536d3d0 code [0x00007f546536d540, 0x00007f546536d7a8]
Event: 1,716 Thread 0x00007f54740c4800  924       4       org.objectweb.asm.Item::a (354 bytes)

GC Heap History (4 events):
Event: 0,772 GC heap before
{Heap before GC invocations=1 (full 0):
 PSYoungGen      total 18944K, used 16384K [0x00000000feb00000, 0x0000000100000000, 0x0000000100000000)
  eden space 16384K, 100% used [0x00000000feb00000,0x00000000ffb00000,0x00000000ffb00000)
  from space 2560K, 0% used [0x00000000ffd80000,0x00000000ffd80000,0x0000000100000000)
  to   space 2560K, 0% used [0x00000000ffb00000,0x00000000ffb00000,0x00000000ffd80000)
 ParOldGen       total 44032K, used 0K [0x00000000fc000000, 0x00000000feb00000, 0x00000000feb00000)
  object space 44032K, 0% used [0x00000000fc000000,0x00000000fc000000,0x00000000feb00000)
 Metaspace       used 6368K, capacity 6490K, committed 6784K, reserved 1056768K
  class space    used 753K, capacity 823K, committed 896K, reserved 1048576K
Event: 0,805 GC heap after
Heap after GC invocations=1 (full 0):
 PSYoungGen      total 18944K, used 2544K [0x00000000feb00000, 0x0000000100000000, 0x0000000100000000)
  eden space 16384K, 0% used [0x00000000feb00000,0x00000000feb00000,0x00000000ffb00000)
  from space 2560K, 99% used [0x00000000ffb00000,0x00000000ffd7c020,0x00000000ffd80000)
  to   space 2560K, 0% used [0x00000000ffd80000,0x00000000ffd80000,0x0000000100000000)
 ParOldGen       total 44032K, used 1847K [0x00000000fc000000, 0x00000000feb00000, 0x00000000feb00000)
  object space 44032K, 4% used [0x00000000fc000000,0x00000000fc1cdfd8,0x00000000feb00000)
 Metaspace       used 6368K, capacity 6490K, committed 6784K, reserved 1056768K
  class space    used 753K, capacity 823K, committed 896K, reserved 1048576K
}
Event: 1,446 GC heap before
{Heap before GC invocations=2 (full 0):
 PSYoungGen      total 18944K, used 18928K [0x00000000feb00000, 0x0000000100000000, 0x0000000100000000)
  eden space 16384K, 100% used [0x00000000feb00000,0x00000000ffb00000,0x00000000ffb00000)
  from space 2560K, 99% used [0x00000000ffb00000,0x00000000ffd7c020,0x00000000ffd80000)
  to   space 2560K, 0% used [0x00000000ffd80000,0x00000000ffd80000,0x0000000100000000)
 ParOldGen       total 44032K, used 1847K [0x00000000fc000000, 0x00000000feb00000, 0x00000000feb00000)
  object space 44032K, 4% used [0x00000000fc000000,0x00000000fc1cdfd8,0x00000000feb00000)
 Metaspace       used 7417K, capacity 7624K, committed 7936K, reserved 1056768K
  class space    used 858K, capacity 924K, committed 1024K, reserved 1048576K
Event: 1,480 GC heap after
Heap after GC invocations=2 (full 0):
 PSYoungGen      total 18944K, used 2556K [0x00000000feb00000, 0x0000000100000000, 0x0000000100000000)
  eden space 16384K, 0% used [0x00000000feb00000,0x00000000feb00000,0x00000000ffb00000)
  from space 2560K, 99% used [0x00000000ffd80000,0x00000000fffff248,0x0000000100000000)
  to   space 2560K, 0% used [0x00000000ffb00000,0x00000000ffb00000,0x00000000ffd80000)
 ParOldGen       total 44032K, used 5093K [0x00000000fc000000, 0x00000000feb00000, 0x00000000feb00000)
  object space 44032K, 11% used [0x00000000fc000000,0x00000000fc4f9798,0x00000000feb00000)
 Metaspace       used 7417K, capacity 7624K, committed 7936K, reserved 1056768K
  class space    used 858K, capacity 924K, committed 1024K, reserved 1048576K
}

Deoptimization events (10 events):
Event: 0,670 Thread 0x00007f547400e000 Uncommon trap: reason=unstable_if action=reinterpret pc=0x00007f54651e6df8 method=java.util.zip.ZipEntry.setExtra0([BZ)V @ 1
Event: 0,672 Thread 0x00007f547400e000 Uncommon trap: reason=unstable_if action=reinterpret pc=0x00007f54651fb7a8 method=java.util.zip.ZipCoder.decoder()Ljava/nio/charset/CharsetDecoder; @ 4
Event: 0,874 Thread 0x00007f547400e000 Uncommon trap: reason=unstable_if action=reinterpret pc=0x00007f5465192730 method=java.lang.String.replace(CC)Ljava/lang/String; @ 2
Event: 0,909 Thread 0x00007f547400e000 Uncommon trap: reason=unloaded action=reinterpret pc=0x00007f546520c3e0 method=java.util.zip.ZipEntry.setExtra0([BZ)V @ 37
Event: 1,285 Thread 0x00007f547400e000 Uncommon trap: reason=unstable_if action=reinterpret pc=0x00007f5465287770 method=java.lang.String.<init>([CII)V @ 18
Event: 1,398 Thread 0x00007f547400e000 Uncommon trap: reason=unstable_if action=reinterpret pc=0x00007f54652f3038 method=org.objectweb.asm.Type.getArgumentsAndReturnSizes(Ljava/lang/String;)I @ 41
Event: 1,486 Thread 0x00007f547400e000 Uncommon trap: reason=unstable_if action=reinterpret pc=0x00007f54652cdca0 method=org.objectweb.asm.Item.a(Lorg/objectweb/asm/Item;)Z @ 251
Event: 1,526 Thread 0x00007f547400e000 Uncommon trap: reason=unstable_if action=reinterpret pc=0x00007f54653065a8 method=org.objectweb.asm.MethodWriter.visitVarInsn(II)V @ 142
Event: 1,539 Thread 0x00007f547400e000 Uncommon trap: reason=unstable_if action=reinterpret pc=0x00007f54653072f8 method=org.objectweb.asm.MethodWriter.visitVarInsn(II)V @ 142
Event: 1,677 Thread 0x00007f547400e000 Uncommon trap: reason=unstable_if action=reinterpret pc=0x00007f546534cd00 method=org.objectweb.asm.Item.a(Lorg/objectweb/asm/Item;)Z @ 345

Classes redefined (0 events):
No events

Internal exceptions (10 events):
Event: 0,561 Thread 0x00007f547400e000 Exception <a 'sun/nio/fs/UnixException'> (0x00000000ff19b9d8) thrown at [/ssd/Android/AOSP-openjdk-git/jdk8u/hotspot/src/share/vm/prims/jni.cpp, line 709]
Event: 0,562 Thread 0x00007f547400e000 Exception <a 'sun/nio/fs/UnixException'> (0x00000000ff19bf60) thrown at [/ssd/Android/AOSP-openjdk-git/jdk8u/hotspot/src/share/vm/prims/jni.cpp, line 709]
Event: 0,562 Thread 0x00007f547400e000 Exception <a 'sun/nio/fs/UnixException'> (0x00000000ff19c4d0) thrown at [/ssd/Android/AOSP-openjdk-git/jdk8u/hotspot/src/share/vm/prims/jni.cpp, line 709]
Event: 0,562 Thread 0x00007f547400e000 Exception <a 'sun/nio/fs/UnixException'> (0x00000000ff19ca20) thrown at [/ssd/Android/AOSP-openjdk-git/jdk8u/hotspot/src/share/vm/prims/jni.cpp, line 709]
Event: 0,869 Thread 0x00007f547400e000 Exception <a 'sun/nio/fs/UnixException'> (0x00000000ff0c5540) thrown at [/ssd/Android/AOSP-openjdk-git/jdk8u/hotspot/src/share/vm/prims/jni.cpp, line 709]
Event: 0,869 Thread 0x00007f547400e000 Exception <a 'sun/nio/fs/UnixException'> (0x00000000ff0c5a98) thrown at [/ssd/Android/AOSP-openjdk-git/jdk8u/hotspot/src/share/vm/prims/jni.cpp, line 709]
Event: 0,869 Thread 0x00007f547400e000 Exception <a 'sun/nio/fs/UnixException'> (0x00000000ff0c5fe0) thrown at [/ssd/Android/AOSP-openjdk-git/jdk8u/hotspot/src/share/vm/prims/jni.cpp, line 709]
Event: 0,870 Thread 0x00007f547400e000 Exception <a 'sun/nio/fs/UnixException'> (0x00000000ff0ca000) thrown at [/ssd/Android/AOSP-openjdk-git/jdk8u/hotspot/src/share/vm/prims/jni.cpp, line 709]
Event: 0,933 Thread 0x00007f547400e000 Exception <a 'sun/nio/fs/UnixException'> (0x00000000ff3dfdf8) thrown at [/ssd/Android/AOSP-openjdk-git/jdk8u/hotspot/src/share/vm/prims/jni.cpp, line 709]
Event: 0,933 Thread 0x00007f547400e000 Exception <a 'sun/nio/fs/UnixException'> (0x00000000ff3e0468) thrown at [/ssd/Android/AOSP-openjdk-git/jdk8u/hotspot/src/share/vm/prims/jni.cpp, line 709]

Events (10 events):
Event: 1,486 Thread 0x00007f547400e000 DEOPT UNPACKING pc=0x00007f5465004f69 sp=0x00007f547d7cbf88 mode 2
Event: 1,526 Thread 0x00007f547400e000 Uncommon trap: trap_request=0xffffff65 fr.pc=0x00007f54653065a8
Event: 1,526 Thread 0x00007f547400e000 DEOPT PACKING pc=0x00007f54653065a8 sp=0x00007f547d7cc170
Event: 1,526 Thread 0x00007f547400e000 DEOPT UNPACKING pc=0x00007f5465004f69 sp=0x00007f547d7cc0e0 mode 2
Event: 1,539 Thread 0x00007f547400e000 Uncommon trap: trap_request=0xffffff65 fr.pc=0x00007f54653072f8
Event: 1,539 Thread 0x00007f547400e000 DEOPT PACKING pc=0x00007f54653072f8 sp=0x00007f547d7cc0f0
Event: 1,539 Thread 0x00007f547400e000 DEOPT UNPACKING pc=0x00007f5465004f69 sp=0x00007f547d7cc0c8 mode 2
Event: 1,677 Thread 0x00007f547400e000 Uncommon trap: trap_request=0xffffff65 fr.pc=0x00007f546534cd00
Event: 1,677 Thread 0x00007f547400e000 DEOPT PACKING pc=0x00007f546534cd00 sp=0x00007f547d7cbee0
Event: 1,677 Thread 0x00007f547400e000 DEOPT UNPACKING pc=0x00007f5465004f69 sp=0x00007f547d7cbe98 mode 2


Dynamic libraries:
00400000-00401000 r-xp 00000000 08:06 4458926                            /home/benny/android-studio/jre/bin/java
00600000-00601000 r--p 00000000 08:06 4458926                            /home/benny/android-studio/jre/bin/java
00601000-00602000 rw-p 00001000 08:06 4458926                            /home/benny/android-studio/jre/bin/java
00812000-00833000 rw-p 00000000 00:00 0                                  [heap]
fc000000-100100000 rw-p 00000000 00:00 0 
100100000-140000000 ---p 00000000 00:00 0 
7f5414000000-7f5414021000 rw-p 00000000 00:00 0 
7f5414021000-7f5418000000 ---p 00000000 00:00 0 
7f541c000000-7f541c5e2000 rw-p 00000000 00:00 0 
7f541c5e2000-7f5420000000 ---p 00000000 00:00 0 
7f5420000000-7f5420021000 rw-p 00000000 00:00 0 
7f5420021000-7f5424000000 ---p 00000000 00:00 0 
7f5424000000-7f542448a000 rw-p 00000000 00:00 0 
7f542448a000-7f5428000000 ---p 00000000 00:00 0 
7f5428000000-7f54281b4000 rw-p 00000000 00:00 0 
7f54281b4000-7f542c000000 ---p 00000000 00:00 0 
7f542c000000-7f542c021000 rw-p 00000000 00:00 0 
7f542c021000-7f5430000000 ---p 00000000 00:00 0 
7f5430000000-7f54305d9000 rw-p 00000000 00:00 0 
7f54305d9000-7f5434000000 ---p 00000000 00:00 0 
7f5434000000-7f5434021000 rw-p 00000000 00:00 0 
7f5434021000-7f5438000000 ---p 00000000 00:00 0 
7f5438000000-7f5438021000 rw-p 00000000 00:00 0 
7f5438021000-7f543c000000 ---p 00000000 00:00 0 
7f543ec7d000-7f543ed72000 r--s 02010000 08:06 1861002                    /home/benny/Android/Sdk/platforms/android-25/android.jar
7f543ed72000-7f543f073000 rw-p 00000000 00:00 0 
7f543f073000-7f543f089000 r-xp 00000000 08:06 4725869                    /home/benny/android-studio/jre/jre/lib/amd64/libnet.so
7f543f089000-7f543f289000 ---p 00016000 08:06 4725869                    /home/benny/android-studio/jre/jre/lib/amd64/libnet.so
7f543f289000-7f543f28a000 r--p 00016000 08:06 4725869                    /home/benny/android-studio/jre/jre/lib/amd64/libnet.so
7f543f28a000-7f543f28b000 rw-p 00017000 08:06 4725869                    /home/benny/android-studio/jre/jre/lib/amd64/libnet.so
7f543f28b000-7f543f29c000 r-xp 00000000 08:06 4725870                    /home/benny/android-studio/jre/jre/lib/amd64/libnio.so
7f543f29c000-7f543f49b000 ---p 00011000 08:06 4725870                    /home/benny/android-studio/jre/jre/lib/amd64/libnio.so
7f543f49b000-7f543f49c000 r--p 00010000 08:06 4725870                    /home/benny/android-studio/jre/jre/lib/amd64/libnio.so
7f543f49c000-7f543f49d000 rw-p 00011000 08:06 4725870                    /home/benny/android-studio/jre/jre/lib/amd64/libnio.so
7f543f49d000-7f543f49e000 ---p 00000000 00:00 0 
7f543f49e000-7f543f59e000 rw-p 00000000 00:00 0 
7f543f59e000-7f543f5a1000 ---p 00000000 00:00 0 
7f543f5a1000-7f543f69f000 rw-p 00000000 00:00 0 
7f543f69f000-7f543f6a2000 ---p 00000000 00:00 0 
7f543f6a2000-7f543f7a0000 rw-p 00000000 00:00 0 
7f543f7a0000-7f543f7a3000 ---p 00000000 00:00 0 
7f543f7a3000-7f543f8a1000 rw-p 00000000 00:00 0 
7f543f8a1000-7f543f8a4000 ---p 00000000 00:00 0 
7f543f8a4000-7f543f9a2000 rw-p 00000000 00:00 0 
7f543f9a2000-7f543f9a5000 ---p 00000000 00:00 0 
7f543f9a5000-7f543faa3000 rw-p 00000000 00:00 0 
7f543faa3000-7f543faa6000 ---p 00000000 00:00 0 
7f543faa6000-7f543fba4000 rw-p 00000000 00:00 0 
7f543fba4000-7f5440000000 r--p 00000000 08:06 1966099                    /usr/lib/locale/locale-archive
7f5440000000-7f5440021000 rw-p 00000000 00:00 0 
7f5440021000-7f5444000000 ---p 00000000 00:00 0 
7f5444000000-7f5444021000 rw-p 00000000 00:00 0 
7f5444021000-7f5448000000 ---p 00000000 00:00 0 
7f5448000000-7f5448021000 rw-p 00000000 00:00 0 
7f5448021000-7f544c000000 ---p 00000000 00:00 0 
7f544c000000-7f544c021000 rw-p 00000000 00:00 0 
7f544c021000-7f5450000000 ---p 00000000 00:00 0 
7f5450000000-7f5450021000 rw-p 00000000 00:00 0 
7f5450021000-7f5454000000 ---p 00000000 00:00 0 
7f5454000000-7f5454021000 rw-p 00000000 00:00 0 
7f5454021000-7f5458000000 ---p 00000000 00:00 0 
7f5458000000-7f5458021000 rw-p 00000000 00:00 0 
7f5458021000-7f545c000000 ---p 00000000 00:00 0 
7f545c000000-7f545c021000 rw-p 00000000 00:00 0 
7f545c021000-7f5460000000 ---p 00000000 00:00 0 
7f5460000000-7f5460021000 rw-p 00000000 00:00 0 
7f5460021000-7f5464000000 ---p 00000000 00:00 0 
7f5464084000-7f5464085000 r--s 00013000 08:06 2657074                    /home/benny/gitlab/InteraktiveMedien/InteractiveMedia/app/build/intermediates/transforms/stackFramesFixer/debug/35.jar
7f5464085000-7f5464087000 r--s 0000b000 08:06 2657073                    /home/benny/gitlab/InteraktiveMedien/InteractiveMedia/app/build/intermediates/transforms/stackFramesFixer/debug/34.jar
7f5464087000-7f546408f000 r--s 000f4000 08:06 2657075                    /home/benny/gitlab/InteraktiveMedien/InteractiveMedia/app/build/intermediates/transforms/stackFramesFixer/debug/33.jar
7f546408f000-7f5464090000 r--s 00000000 08:06 2657077                    /home/benny/gitlab/InteraktiveMedien/InteractiveMedia/app/build/intermediates/transforms/stackFramesFixer/debug/32.jar
7f5464090000-7f5464092000 r--s 00032000 08:06 2657076                    /home/benny/gitlab/InteraktiveMedien/InteractiveMedia/app/build/intermediates/transforms/stackFramesFixer/debug/31.jar
7f5464092000-7f5464094000 r--s 00007000 08:06 2657072                    /home/benny/gitlab/InteraktiveMedien/InteractiveMedia/app/build/intermediates/transforms/stackFramesFixer/debug/30.jar
7f5464094000-7f5464095000 r--s 0000b000 08:06 2657071                    /home/benny/gitlab/InteraktiveMedien/InteractiveMedia/app/build/intermediates/transforms/stackFramesFixer/debug/29.jar
7f5464095000-7f54640ab000 r--s 0018a000 08:06 2657070                    /home/benny/gitlab/InteraktiveMedien/InteractiveMedia/app/build/intermediates/transforms/stackFramesFixer/debug/28.jar
7f54640ab000-7f54640ad000 r--s 00014000 08:06 2657069                    /home/benny/gitlab/InteraktiveMedien/InteractiveMedia/app/build/intermediates/transforms/stackFramesFixer/debug/27.jar
7f54640ad000-7f54640af000 r--s 00008000 08:06 2657066                    /home/benny/gitlab/InteraktiveMedien/InteractiveMedia/app/build/intermediates/transforms/stackFramesFixer/debug/26.jar
7f54640af000-7f54640b7000 r--s 000ab000 08:06 2657067                    /home/benny/gitlab/InteraktiveMedien/InteractiveMedia/app/build/intermediates/transforms/stackFramesFixer/debug/25.jar
7f54640b7000-7f54640b9000 r--s 00014000 08:06 2657068                    /home/benny/gitlab/InteraktiveMedien/InteractiveMedia/app/build/intermediates/transforms/stackFramesFixer/debug/24.jar
7f54640b9000-7f54640bc000 r--s 00032000 08:06 2657065                    /home/benny/gitlab/InteraktiveMedien/InteractiveMedia/app/build/intermediates/transforms/stackFramesFixer/debug/23.jar
7f54640bc000-7f54640c1000 r--s 00078000 08:06 2657062                    /home/benny/gitlab/InteraktiveMedien/InteractiveMedia/app/build/intermediates/transforms/stackFramesFixer/debug/22.jar
7f54640c1000-7f54640c4000 r--s 00057000 08:06 2657063                    /home/benny/gitlab/InteraktiveMedien/InteractiveMedia/app/build/intermediates/transforms/stackFramesFixer/debug/21.jar
7f54640c4000-7f54640c5000 r--s 00000000 08:06 2657061                    /home/benny/gitlab/InteraktiveMedien/InteractiveMedia/app/build/intermediates/transforms/stackFramesFixer/debug/20.jar
7f54640c5000-7f54640d3000 r--s 000f8000 08:06 2657064                    /home/benny/gitlab/InteraktiveMedien/InteractiveMedia/app/build/intermediates/transforms/stackFramesFixer/debug/19.jar
7f54640d3000-7f54640d5000 r--s 0000b000 08:06 2657060                    /home/benny/gitlab/InteraktiveMedien/InteractiveMedia/app/build/intermediates/transforms/stackFramesFixer/debug/18.jar
7f54640d5000-7f54640d7000 r--s 00007000 08:06 2657059                    /home/benny/gitlab/InteraktiveMedien/InteractiveMedia/app/build/intermediates/transforms/stackFramesFixer/debug/17.jar
7f54640d7000-7f54640d8000 r--s 0000e000 08:06 2657055                    /home/benny/gitlab/InteraktiveMedien/InteractiveMedia/app/build/intermediates/transforms/stackFramesFixer/debug/16.jar
7f54640d8000-7f54640dd000 r--s 0007e000 08:06 2657056                    /home/benny/gitlab/InteraktiveMedien/InteractiveMedia/app/build/intermediates/transforms/stackFramesFixer/debug/15.jar
7f54640dd000-7f54640e5000 r--s 0009a000 08:06 2657054                    /home/benny/gitlab/InteraktiveMedien/InteractiveMedia/app/build/intermediates/transforms/stackFramesFixer/debug/13.jar
7f54640e5000-7f54640e8000 r--s 0001f000 08:06 2657053                    /home/benny/gitlab/InteraktiveMedien/InteractiveMedia/app/build/intermediates/transforms/stackFramesFixer/debug/12.jar
7f54640e8000-7f54640eb000 r--s 00034000 08:06 2657051                    /home/benny/gitlab/InteraktiveMedien/InteractiveMedia/app/build/intermediates/transforms/stackFramesFixer/debug/11.jar
7f54640eb000-7f54640f1000 r--s 000a5000 08:06 2657049                    /home/benny/gitlab/InteraktiveMedien/InteractiveMedia/app/build/intermediates/transforms/stackFramesFixer/debug/10.jar
7f54640f1000-7f54640f4000 ---p 00000000 00:00 0 
7f54640f4000-7f54641f2000 rw-p 00000000 00:00 0 
7f54641f2000-7f54641f5000 ---p 00000000 00:00 0 
7f54641f5000-7f54642f3000 rw-p 00000000 00:00 0 
7f54642f3000-7f54642f4000 ---p 00000000 00:00 0 
7f54642f4000-7f5465000000 rw-p 00000000 00:00 0 
7f5465000000-7f5465380000 rwxp 00000000 00:00 0 
7f5465380000-7f5474000000 ---p 00000000 00:00 0 
7f5474000000-7f54743c5000 rw-p 00000000 00:00 0 
7f54743c5000-7f5478000000 ---p 00000000 00:00 0 
7f5478000000-7f5478001000 r--s 00001000 08:06 2657058                    /home/benny/gitlab/InteraktiveMedien/InteractiveMedia/app/build/intermediates/transforms/stackFramesFixer/debug/14.jar
7f5478001000-7f5478002000 r--s 00000000 08:06 2657048                    /home/benny/gitlab/InteraktiveMedien/InteractiveMedia/app/build/intermediates/transforms/stackFramesFixer/debug/9.jar
7f5478002000-7f5478008000 r--s 000b3000 08:06 2657052                    /home/benny/gitlab/InteraktiveMedien/InteractiveMedia/app/build/intermediates/transforms/stackFramesFixer/debug/8.jar
7f5478008000-7f5478009000 r--s 00013000 08:06 2657047                    /home/benny/gitlab/InteraktiveMedien/InteractiveMedia/app/build/intermediates/transforms/stackFramesFixer/debug/7.jar
7f5478009000-7f5478016000 r--s 000fc000 08:06 2657057                    /home/benny/gitlab/InteraktiveMedien/InteractiveMedia/app/build/intermediates/transforms/stackFramesFixer/debug/6.jar
7f5478016000-7f5478019000 r--s 0002c000 08:06 2657050                    /home/benny/gitlab/InteraktiveMedien/InteractiveMedia/app/build/intermediates/transforms/stackFramesFixer/debug/5.jar
7f5478019000-7f547801d000 r--s 0002d000 08:06 2657045                    /home/benny/gitlab/InteraktiveMedien/InteractiveMedia/app/build/intermediates/transforms/stackFramesFixer/debug/4.jar
7f547801d000-7f5478027000 r--s 0015e000 08:06 2657046                    /home/benny/gitlab/InteraktiveMedien/InteractiveMedia/app/build/intermediates/transforms/stackFramesFixer/debug/3.jar
7f5478027000-7f547802f000 r--s 000c5000 08:06 2657043                    /home/benny/gitlab/InteraktiveMedien/InteractiveMedia/app/build/intermediates/transforms/stackFramesFixer/debug/2.jar
7f547802f000-7f5478036000 r--s 000b0000 08:06 2657042                    /home/benny/gitlab/InteraktiveMedien/InteractiveMedia/app/build/intermediates/transforms/stackFramesFixer/debug/0.jar
7f5478036000-7f547803b000 r--s 002f9000 08:06 4725843                    /home/benny/android-studio/jre/jre/lib/charsets.jar
7f547803b000-7f547803e000 r--s 00015000 08:06 4725839                    /home/benny/android-studio/jre/jre/lib/jce.jar
7f547803e000-7f5478050000 r--s 00345000 08:06 4725838                    /home/benny/android-studio/jre/jre/lib/resources.jar
7f5478050000-7f5478085000 r--s 00270000 08:06 1835207                    /tmp/desugar_deploy.jar5905868716311875899
7f5478085000-7f547910b000 rw-p 00000000 00:00 0 
7f547910b000-7f54792db000 r--s 03c46000 08:06 4725841                    /home/benny/android-studio/jre/jre/lib/rt.jar
7f54792db000-7f5479a11000 rw-p 00000000 00:00 0 
7f5479a11000-7f5479b51000 ---p 00000000 00:00 0 
7f5479b51000-7f5479d51000 rw-p 00000000 00:00 0 
7f5479d51000-7f5479d52000 ---p 00000000 00:00 0 
7f5479d52000-7f5479e52000 rw-p 00000000 00:00 0 
7f5479e52000-7f5479e53000 ---p 00000000 00:00 0 
7f5479e53000-7f5479f53000 rw-p 00000000 00:00 0 
7f5479f53000-7f5479f54000 ---p 00000000 00:00 0 
7f5479f54000-7f547a054000 rw-p 00000000 00:00 0 
7f547a054000-7f547a055000 ---p 00000000 00:00 0 
7f547a055000-7f547a155000 rw-p 00000000 00:00 0 
7f547a155000-7f547a156000 ---p 00000000 00:00 0 
7f547a156000-7f547a256000 rw-p 00000000 00:00 0 
7f547a256000-7f547a257000 ---p 00000000 00:00 0 
7f547a257000-7f547a357000 rw-p 00000000 00:00 0 
7f547a357000-7f547a358000 ---p 00000000 00:00 0 
7f547a358000-7f547a458000 rw-p 00000000 00:00 0 
7f547a458000-7f547a459000 ---p 00000000 00:00 0 
7f547a459000-7f547a567000 rw-p 00000000 00:00 0 
7f547a567000-7f547a919000 ---p 00000000 00:00 0 
7f547a919000-7f547a933000 r-xp 00000000 08:06 4725860                    /home/benny/android-studio/jre/jre/lib/amd64/libzip.so
7f547a933000-7f547ab33000 ---p 0001a000 08:06 4725860                    /home/benny/android-studio/jre/jre/lib/amd64/libzip.so
7f547ab33000-7f547ab34000 r--p 0001a000 08:06 4725860                    /home/benny/android-studio/jre/jre/lib/amd64/libzip.so
7f547ab34000-7f547ab35000 rw-p 0001b000 08:06 4725860                    /home/benny/android-studio/jre/jre/lib/amd64/libzip.so
7f547ab35000-7f547ab40000 r-xp 00000000 08:06 802932                     /lib/x86_64-linux-gnu/libnss_files-2.23.so
7f547ab40000-7f547ad3f000 ---p 0000b000 08:06 802932                     /lib/x86_64-linux-gnu/libnss_files-2.23.so
7f547ad3f000-7f547ad40000 r--p 0000a000 08:06 802932                     /lib/x86_64-linux-gnu/libnss_files-2.23.so
7f547ad40000-7f547ad41000 rw-p 0000b000 08:06 802932                     /lib/x86_64-linux-gnu/libnss_files-2.23.so
7f547ad41000-7f547ad47000 rw-p 00000000 00:00 0 
7f547ad47000-7f547ad52000 r-xp 00000000 08:06 802935                     /lib/x86_64-linux-gnu/libnss_nis-2.23.so
7f547ad52000-7f547af51000 ---p 0000b000 08:06 802935                     /lib/x86_64-linux-gnu/libnss_nis-2.23.so
7f547af51000-7f547af52000 r--p 0000a000 08:06 802935                     /lib/x86_64-linux-gnu/libnss_nis-2.23.so
7f547af52000-7f547af53000 rw-p 0000b000 08:06 802935                     /lib/x86_64-linux-gnu/libnss_nis-2.23.so
7f547af53000-7f547af69000 r-xp 00000000 08:06 802928                     /lib/x86_64-linux-gnu/libnsl-2.23.so
7f547af69000-7f547b168000 ---p 00016000 08:06 802928                     /lib/x86_64-linux-gnu/libnsl-2.23.so
7f547b168000-7f547b169000 r--p 00015000 08:06 802928                     /lib/x86_64-linux-gnu/libnsl-2.23.so
7f547b169000-7f547b16a000 rw-p 00016000 08:06 802928                     /lib/x86_64-linux-gnu/libnsl-2.23.so
7f547b16a000-7f547b16c000 rw-p 00000000 00:00 0 
7f547b16c000-7f547b174000 r-xp 00000000 08:06 802941                     /lib/x86_64-linux-gnu/libnss_compat-2.23.so
7f547b174000-7f547b373000 ---p 00008000 08:06 802941                     /lib/x86_64-linux-gnu/libnss_compat-2.23.so
7f547b373000-7f547b374000 r--p 00007000 08:06 802941                     /lib/x86_64-linux-gnu/libnss_compat-2.23.so
7f547b374000-7f547b375000 rw-p 00008000 08:06 802941                     /lib/x86_64-linux-gnu/libnss_compat-2.23.so
7f547b375000-7f547b3a2000 r-xp 00000000 08:06 4725849                    /home/benny/android-studio/jre/jre/lib/amd64/libjava.so
7f547b3a2000-7f547b5a1000 ---p 0002d000 08:06 4725849                    /home/benny/android-studio/jre/jre/lib/amd64/libjava.so
7f547b5a1000-7f547b5a2000 r--p 0002c000 08:06 4725849                    /home/benny/android-studio/jre/jre/lib/amd64/libjava.so
7f547b5a2000-7f547b5a4000 rw-p 0002d000 08:06 4725849                    /home/benny/android-studio/jre/jre/lib/amd64/libjava.so
7f547b5a4000-7f547b5b4000 r-xp 00000000 08:06 4725868                    /home/benny/android-studio/jre/jre/lib/amd64/libverify.so
7f547b5b4000-7f547b7b3000 ---p 00010000 08:06 4725868                    /home/benny/android-studio/jre/jre/lib/amd64/libverify.so
7f547b7b3000-7f547b7b5000 r--p 0000f000 08:06 4725868                    /home/benny/android-studio/jre/jre/lib/amd64/libverify.so
7f547b7b5000-7f547b7b6000 rw-p 00011000 08:06 4725868                    /home/benny/android-studio/jre/jre/lib/amd64/libverify.so
7f547b7b6000-7f547b7bd000 r-xp 00000000 08:06 802937                     /lib/x86_64-linux-gnu/librt-2.23.so
7f547b7bd000-7f547b9bc000 ---p 00007000 08:06 802937                     /lib/x86_64-linux-gnu/librt-2.23.so
7f547b9bc000-7f547b9bd000 r--p 00006000 08:06 802937                     /lib/x86_64-linux-gnu/librt-2.23.so
7f547b9bd000-7f547b9be000 rw-p 00007000 08:06 802937                     /lib/x86_64-linux-gnu/librt-2.23.so
7f547b9be000-7f547bac6000 r-xp 00000000 08:06 802946                     /lib/x86_64-linux-gnu/libm-2.23.so
7f547bac6000-7f547bcc5000 ---p 00108000 08:06 802946                     /lib/x86_64-linux-gnu/libm-2.23.so
7f547bcc5000-7f547bcc6000 r--p 00107000 08:06 802946                     /lib/x86_64-linux-gnu/libm-2.23.so
7f547bcc6000-7f547bcc7000 rw-p 00108000 08:06 802946                     /lib/x86_64-linux-gnu/libm-2.23.so
7f547bcc7000-7f547c8bf000 r-xp 00000000 08:06 4725859                    /home/benny/android-studio/jre/jre/lib/amd64/server/libjvm.so
7f547c8bf000-7f547cabf000 ---p 00bf8000 08:06 4725859                    /home/benny/android-studio/jre/jre/lib/amd64/server/libjvm.so
7f547cabf000-7f547cb5e000 r--p 00bf8000 08:06 4725859                    /home/benny/android-studio/jre/jre/lib/amd64/server/libjvm.so
7f547cb5e000-7f547cb87000 rw-p 00c97000 08:06 4725859                    /home/benny/android-studio/jre/jre/lib/amd64/server/libjvm.so
7f547cb87000-7f547cbcb000 rw-p 00000000 00:00 0 
7f547cbcb000-7f547cbe3000 r-xp 00000000 08:06 802934                     /lib/x86_64-linux-gnu/libpthread-2.23.so
7f547cbe3000-7f547cde2000 ---p 00018000 08:06 802934                     /lib/x86_64-linux-gnu/libpthread-2.23.so
7f547cde2000-7f547cde3000 r--p 00017000 08:06 802934                     /lib/x86_64-linux-gnu/libpthread-2.23.so
7f547cde3000-7f547cde4000 rw-p 00018000 08:06 802934                     /lib/x86_64-linux-gnu/libpthread-2.23.so
7f547cde4000-7f547cde8000 rw-p 00000000 00:00 0 
7f547cde8000-7f547cdeb000 r-xp 00000000 08:06 802940                     /lib/x86_64-linux-gnu/libdl-2.23.so
7f547cdeb000-7f547cfea000 ---p 00003000 08:06 802940                     /lib/x86_64-linux-gnu/libdl-2.23.so
7f547cfea000-7f547cfeb000 r--p 00002000 08:06 802940                     /lib/x86_64-linux-gnu/libdl-2.23.so
7f547cfeb000-7f547cfec000 rw-p 00003000 08:06 802940                     /lib/x86_64-linux-gnu/libdl-2.23.so
7f547cfec000-7f547d1ac000 r-xp 00000000 08:06 802951                     /lib/x86_64-linux-gnu/libc-2.23.so
7f547d1ac000-7f547d3ac000 ---p 001c0000 08:06 802951                     /lib/x86_64-linux-gnu/libc-2.23.so
7f547d3ac000-7f547d3b0000 r--p 001c0000 08:06 802951                     /lib/x86_64-linux-gnu/libc-2.23.so
7f547d3b0000-7f547d3b2000 rw-p 001c4000 08:06 802951                     /lib/x86_64-linux-gnu/libc-2.23.so
7f547d3b2000-7f547d3b6000 rw-p 00000000 00:00 0 
7f547d3b6000-7f547d3cc000 r-xp 00000000 08:06 4458872                    /home/benny/android-studio/jre/lib/amd64/jli/libjli.so
7f547d3cc000-7f547d5cb000 ---p 00016000 08:06 4458872                    /home/benny/android-studio/jre/lib/amd64/jli/libjli.so
7f547d5cb000-7f547d5cc000 r--p 00015000 08:06 4458872                    /home/benny/android-studio/jre/lib/amd64/jli/libjli.so
7f547d5cc000-7f547d5cd000 rw-p 00016000 08:06 4458872                    /home/benny/android-studio/jre/lib/amd64/jli/libjli.so
7f547d5cd000-7f547d5f3000 r-xp 00000000 08:06 802929                     /lib/x86_64-linux-gnu/ld-2.23.so
7f547d5f3000-7f547d6cd000 rw-p 00000000 00:00 0 
7f547d6cd000-7f547d6d0000 ---p 00000000 00:00 0 
7f547d6d0000-7f547d7d2000 rw-p 00000000 00:00 0 
7f547d7d2000-7f547d7d4000 r--s 00010000 08:06 2657044                    /home/benny/gitlab/InteraktiveMedien/InteractiveMedia/app/build/intermediates/transforms/stackFramesFixer/debug/1.jar
7f547d7d4000-7f547d7df000 r--s 00040000 08:06 3973977                    /home/benny/Android/Sdk/platforms/android-25/optional/org.apache.http.legacy.jar
7f547d7df000-7f547d7e4000 r--s 0009a000 08:06 4725840                    /home/benny/android-studio/jre/jre/lib/jsse.jar
7f547d7e4000-7f547d7e6000 rw-p 00000000 00:00 0 
7f547d7e6000-7f547d7ee000 rw-s 00000000 08:06 1864338                    /tmp/hsperfdata_benny/12776
7f547d7ee000-7f547d7ef000 rw-p 00000000 00:00 0 
7f547d7ef000-7f547d7f0000 r--p 00000000 00:00 0 
7f547d7f0000-7f547d7f2000 rw-p 00000000 00:00 0 
7f547d7f2000-7f547d7f3000 r--p 00025000 08:06 802929                     /lib/x86_64-linux-gnu/ld-2.23.so
7f547d7f3000-7f547d7f4000 rw-p 00026000 08:06 802929                     /lib/x86_64-linux-gnu/ld-2.23.so
7f547d7f4000-7f547d7f5000 rw-p 00000000 00:00 0 
7fff3461e000-7fff34641000 rw-p 00000000 00:00 0                          [stack]
7fff346e9000-7fff346eb000 r--p 00000000 00:00 0                          [vvar]
7fff346eb000-7fff346ed000 r-xp 00000000 00:00 0                          [vdso]
ffffffffff600000-ffffffffff601000 r-xp 00000000 00:00 0                  [vsyscall]

VM Arguments:
jvm_args: -Djava.awt.headless=true -Xmx64M -Dfile.encoding=UTF-8 -Duser.country=DE -Duser.language=de -Duser.variant 
java_command: com.google.devtools.build.android.desugar.Desugar --input /home/benny/gitlab/InteraktiveMedien/InteractiveMedia/app/build/intermediates/transforms/stackFramesFixer/debug/3.jar --output /home/benny/gitlab/InteraktiveMedien/InteractiveMedia/app/build/intermediates/transforms/desugar/debug/4.jar --input /home/benny/gitlab/InteraktiveMedien/InteractiveMedia/app/build/intermediates/transforms/stackFramesFixer/debug/13.jar --output /home/benny/gitlab/InteraktiveMedien/InteractiveMedia/app/build/intermediates/transforms/desugar/debug/14.jar --input /home/benny/gitlab/InteraktiveMedien/InteractiveMedia/app/build/intermediates/transforms/stackFramesFixer/debug/14.jar --output /home/benny/gitlab/InteraktiveMedien/InteractiveMedia/app/build/intermediates/transforms/desugar/debug/15.jar --input /home/benny/gitlab/InteraktiveMedien/InteractiveMedia/app/build/intermediates/transforms/stackFramesFixer/debug/22.jar --output /home/benny/gitlab/InteraktiveMedien/InteractiveMedia/app/build/intermediates/transforms/desugar/debug/23.jar --input /home/benny/gitlab/InteraktiveMedien/InteractiveMedia/app/build/intermediates/transforms/stackFramesFixer/debug/28.jar --output /home/benny/gitlab/InteraktiveMedien/InteractiveMedia/app/build/intermediates/transforms/desugar/debug/29.jar --classpath_entry /home/benny/gitlab/InteraktiveMedien/InteractiveMedia/app/build/intermediates/classes/debug --classpath_entry /home/benny/gitlab/InteraktiveMedien/InteractiveMedia/app/build/intermediates/transforms/stackFramesFixer/debug/0.jar --classpath_entry /home/benny/gitlab/InteraktiveMedien/InteractiveMedia/app/build/intermediates/transforms/stackFramesFixer/debug/1.jar --classpath_entry /home/benny/gitlab/InteraktiveMedien/InteractiveMedia/app/build/intermediates/transforms/stackFramesFixer/debug/2.jar --classpath_entry /home/benny/gitlab/InteraktiveMedien/InteractiveMedia/app/build/intermediates/transforms/stackFramesFixer/debug/3.jar --classpath_entry /home/benny/gitlab/InteraktiveMedi
java_class_path (initial): /tmp/desugar_deploy.jar5905868716311875899
Launcher Type: SUN_STANDARD

Environment Variables:
JAVA_HOME=/usr/lib/jvm/java-8-oracle
PATH=/home/benny/bin:/home/benny/.local/bin:/usr/local/sbin:/usr/local/bin:/usr/sbin:/usr/bin:/sbin:/bin:/usr/games:/usr/local/games:/snap/bin:/usr/lib/jvm/java-8-oracle/bin:/usr/lib/jvm/java-8-oracle/db/bin:/usr/lib/jvm/java-8-oracle/jre/bin
LD_LIBRARY_PATH=.:
SHELL=/bin/bash
DISPLAY=:0

Signal Handlers:
SIGSEGV: [libjvm.so+0x9ebc60], sa_mask[0]=11111111011111111101111111111110, sa_flags=SA_RESTART|SA_SIGINFO
SIGBUS: [libjvm.so+0x9ebc60], sa_mask[0]=11111111011111111101111111111110, sa_flags=SA_RESTART|SA_SIGINFO
SIGFPE: [libjvm.so+0x84cf60], sa_mask[0]=11111111011111111101111111111110, sa_flags=SA_RESTART|SA_SIGINFO
SIGPIPE: [libjvm.so+0x84cf60], sa_mask[0]=11111111011111111101111111111110, sa_flags=SA_RESTART|SA_SIGINFO
SIGXFSZ: [libjvm.so+0x84cf60], sa_mask[0]=11111111011111111101111111111110, sa_flags=SA_RESTART|SA_SIGINFO
SIGILL: [libjvm.so+0x84cf60], sa_mask[0]=11111111011111111101111111111110, sa_flags=SA_RESTART|SA_SIGINFO
SIGUSR1: SIG_DFL, sa_mask[0]=00000000000000000000000000000000, sa_flags=none
SIGUSR2: [libjvm.so+0x84ce30], sa_mask[0]=00100000000000000000000000000000, sa_flags=SA_RESTART|SA_SIGINFO
SIGHUP: [libjvm.so+0x84d020], sa_mask[0]=11111111011111111101111111111110, sa_flags=SA_RESTART|SA_SIGINFO
SIGINT: [libjvm.so+0x84d020], sa_mask[0]=11111111011111111101111111111110, sa_flags=SA_RESTART|SA_SIGINFO
SIGTERM: [libjvm.so+0x84d020], sa_mask[0]=11111111011111111101111111111110, sa_flags=SA_RESTART|SA_SIGINFO
SIGQUIT: [libjvm.so+0x84d020], sa_mask[0]=11111111011111111101111111111110, sa_flags=SA_RESTART|SA_SIGINFO


---------------  S Y S T E M  ---------------

OS:DISTRIB_ID=Ubuntu
DISTRIB_RELEASE=16.04
DISTRIB_CODENAME=xenial
DISTRIB_DESCRIPTION="Ubuntu 16.04.1 LTS"

uname:Linux 4.4.0-98-generic #121-Ubuntu SMP Tue Oct 10 14:24:03 UTC 2017 x86_64
libc:glibc 2.23 NPTL 2.23 
rlimit: STACK 8192k, CORE 0k, NPROC 62768, NOFILE 65536, AS infinity
load average:2,15 1,59 1,15

/proc/meminfo:
MemTotal:       16314424 kB
MemFree:         3086208 kB
MemAvailable:    7651280 kB
Buffers:         1000284 kB
Cached:          3636292 kB
SwapCached:            0 kB
Active:         10948260 kB
Inactive:        1427876 kB
Active(anon):    7743336 kB
Inactive(anon):   285776 kB
Active(file):    3204924 kB
Inactive(file):  1142100 kB
Unevictable:         416 kB
Mlocked:             416 kB
SwapTotal:       8000508 kB
SwapFree:        8000508 kB
Dirty:              8684 kB
Writeback:             0 kB
AnonPages:       7743848 kB
Mapped:           702644 kB
Shmem:            287824 kB
Slab:             625668 kB
SReclaimable:     555300 kB
SUnreclaim:        70368 kB
KernelStack:       20800 kB
PageTables:        79708 kB
NFS_Unstable:          0 kB
Bounce:                0 kB
WritebackTmp:          0 kB
CommitLimit:    16157720 kB
Committed_AS:   17998480 kB
VmallocTotal:   34359738367 kB
VmallocUsed:           0 kB
VmallocChunk:          0 kB
HardwareCorrupted:     0 kB
AnonHugePages:   3950592 kB
CmaTotal:              0 kB
CmaFree:               0 kB
HugePages_Total:       0
HugePages_Free:        0
HugePages_Rsvd:        0
HugePages_Surp:        0
Hugepagesize:       2048 kB
DirectMap4k:      263388 kB
DirectMap2M:    16396288 kB


CPU:total 8 (initial active 8) (4 cores per cpu, 2 threads per core) family 6 model 58 stepping 9, cmov, cx8, fxsr, mmx, sse, sse2, sse3, ssse3, sse4.1, sse4.2, popcnt, avx, aes, clmul, erms, ht, tsc, tscinvbit, tscinv

/proc/cpuinfo:
processor	: 0
vendor_id	: GenuineIntel
cpu family	: 6
model		: 58
model name	: Intel(R) Xeon(R) CPU E3-1245 V2 @ 3.40GHz
stepping	: 9
microcode	: 0x1c
cpu MHz		: 3599.882
cache size	: 8192 KB
physical id	: 0
siblings	: 8
core id		: 0
cpu cores	: 4
apicid		: 0
initial apicid	: 0
fpu		: yes
fpu_exception	: yes
cpuid level	: 13
wp		: yes
flags		: fpu vme de pse tsc msr pae mce cx8 apic sep mtrr pge mca cmov pat pse36 clflush dts acpi mmx fxsr sse sse2 ss ht tm pbe syscall nx rdtscp lm constant_tsc arch_perfmon pebs bts rep_good nopl xtopology nonstop_tsc aperfmperf eagerfpu pni pclmulqdq dtes64 monitor ds_cpl vmx smx est tm2 ssse3 cx16 xtpr pdcm pcid sse4_1 sse4_2 x2apic popcnt tsc_deadline_timer aes xsave avx f16c rdrand lahf_lm epb tpr_shadow vnmi flexpriority ept vpid fsgsbase smep erms xsaveopt dtherm ida arat pln pts
bugs		:
bogomips	: 6784.68
clflush size	: 64
cache_alignment	: 64
address sizes	: 36 bits physical, 48 bits virtual
power management:

processor	: 1
vendor_id	: GenuineIntel
cpu family	: 6
model		: 58
model name	: Intel(R) Xeon(R) CPU E3-1245 V2 @ 3.40GHz
stepping	: 9
microcode	: 0x1c
cpu MHz		: 3599.882
cache size	: 8192 KB
physical id	: 0
siblings	: 8
core id		: 1
cpu cores	: 4
apicid		: 2
initial apicid	: 2
fpu		: yes
fpu_exception	: yes
cpuid level	: 13
wp		: yes
flags		: fpu vme de pse tsc msr pae mce cx8 apic sep mtrr pge mca cmov pat pse36 clflush dts acpi mmx fxsr sse sse2 ss ht tm pbe syscall nx rdtscp lm constant_tsc arch_perfmon pebs bts rep_good nopl xtopology nonstop_tsc aperfmperf eagerfpu pni pclmulqdq dtes64 monitor ds_cpl vmx smx est tm2 ssse3 cx16 xtpr pdcm pcid sse4_1 sse4_2 x2apic popcnt tsc_deadline_timer aes xsave avx f16c rdrand lahf_lm epb tpr_shadow vnmi flexpriority ept vpid fsgsbase smep erms xsaveopt dtherm ida arat pln pts
bugs		:
bogomips	: 6784.68
clflush size	: 64
cache_alignment	: 64
address sizes	: 36 bits physical, 48 bits virtual
power management:

processor	: 2
vendor_id	: GenuineIntel
cpu family	: 6
model		: 58
model name	: Intel(R) Xeon(R) CPU E3-1245 V2 @ 3.40GHz
stepping	: 9
microcode	: 0x1c
cpu MHz		: 3599.882
cache size	: 8192 KB
physical id	: 0
siblings	: 8
core id		: 2
cpu cores	: 4
apicid		: 4
initial apicid	: 4
fpu		: yes
fpu_exception	: yes
cpuid level	: 13
wp		: yes
flags		: fpu vme de pse tsc msr pae mce cx8 apic sep mtrr pge mca cmov pat pse36 clflush dts acpi mmx fxsr sse sse2 ss ht tm pbe syscall nx rdtscp lm constant_tsc arch_perfmon pebs bts rep_good nopl xtopology nonstop_tsc aperfmperf eagerfpu pni pclmulqdq dtes64 monitor ds_cpl vmx smx est tm2 ssse3 cx16 xtpr pdcm pcid sse4_1 sse4_2 x2apic popcnt tsc_deadline_timer aes xsave avx f16c rdrand lahf_lm epb tpr_shadow vnmi flexpriority ept vpid fsgsbase smep erms xsaveopt dtherm ida arat pln pts
bugs		:
bogomips	: 6784.68
clflush size	: 64
cache_alignment	: 64
address sizes	: 36 bits physical, 48 bits virtual
power management:

processor	: 3
vendor_id	: GenuineIntel
cpu family	: 6
model		: 58
model name	: Intel(R) Xeon(R) CPU E3-1245 V2 @ 3.40GHz
stepping	: 9
microcode	: 0x1c
cpu MHz		: 3599.882
cache size	: 8192 KB
physical id	: 0
siblings	: 8
core id		: 3
cpu cores	: 4
apicid		: 6
initial apicid	: 6
fpu		: yes
fpu_exception	: yes
cpuid level	: 13
wp		: yes
flags		: fpu vme de pse tsc msr pae mce cx8 apic sep mtrr pge mca cmov pat pse36 clflush dts acpi mmx fxsr sse sse2 ss ht tm pbe syscall nx rdtscp lm constant_tsc arch_perfmon pebs bts rep_good nopl xtopology nonstop_tsc aperfmperf eagerfpu pni pclmulqdq dtes64 monitor ds_cpl vmx smx est tm2 ssse3 cx16 xtpr pdcm pcid sse4_1 sse4_2 x2apic popcnt tsc_deadline_timer aes xsave avx f16c rdrand lahf_lm epb tpr_shadow vnmi flexpriority ept vpid fsgsbase smep erms xsaveopt dtherm ida arat pln pts
bugs		:
bogomips	: 6784.68
clflush size	: 64
cache_alignment	: 64
address sizes	: 36 bits physical, 48 bits virtual
power management:

processor	: 4
vendor_id	: GenuineIntel
cpu family	: 6
model		: 58
model name	: Intel(R) Xeon(R) CPU E3-1245 V2 @ 3.40GHz
stepping	: 9
microcode	: 0x1c
cpu MHz		: 3599.882
cache size	: 8192 KB
physical id	: 0
siblings	: 8
core id		: 0
cpu cores	: 4
apicid		: 1
initial apicid	: 1
fpu		: yes
fpu_exception	: yes
cpuid level	: 13
wp		: yes
flags		: fpu vme de pse tsc msr pae mce cx8 apic sep mtrr pge mca cmov pat pse36 clflush dts acpi mmx fxsr sse sse2 ss ht tm pbe syscall nx rdtscp lm constant_tsc arch_perfmon pebs bts rep_good nopl xtopology nonstop_tsc aperfmperf eagerfpu pni pclmulqdq dtes64 monitor ds_cpl vmx smx est tm2 ssse3 cx16 xtpr pdcm pcid sse4_1 sse4_2 x2apic popcnt tsc_deadline_timer aes xsave avx f16c rdrand lahf_lm epb tpr_shadow vnmi flexpriority ept vpid fsgsbase smep erms xsaveopt dtherm ida arat pln pts
bugs		:
bogomips	: 6784.68
clflush size	: 64
cache_alignment	: 64
address sizes	: 36 bits physical, 48 bits virtual
power management:

processor	: 5
vendor_id	: GenuineIntel
cpu family	: 6
model		: 58
model name	: Intel(R) Xeon(R) CPU E3-1245 V2 @ 3.40GHz
stepping	: 9
microcode	: 0x1c
cpu MHz		: 3599.882
cache size	: 8192 KB
physical id	: 0
siblings	: 8
core id		: 1
cpu cores	: 4
apicid		: 3
initial apicid	: 3
fpu		: yes
fpu_exception	: yes
cpuid level	: 13
wp		: yes
flags		: fpu vme de pse tsc msr pae mce cx8 apic sep mtrr pge mca cmov pat pse36 clflush dts acpi mmx fxsr sse sse2 ss ht tm pbe syscall nx rdtscp lm constant_tsc arch_perfmon pebs bts rep_good nopl xtopology nonstop_tsc aperfmperf eagerfpu pni pclmulqdq dtes64 monitor ds_cpl vmx smx est tm2 ssse3 cx16 xtpr pdcm pcid sse4_1 sse4_2 x2apic popcnt tsc_deadline_timer aes xsave avx f16c rdrand lahf_lm epb tpr_shadow vnmi flexpriority ept vpid fsgsbase smep erms xsaveopt dtherm ida arat pln pts
bugs		:
bogomips	: 6784.68
clflush size	: 64
cache_alignment	: 64
address sizes	: 36 bits physical, 48 bits virtual
power management:

processor	: 6
vendor_id	: GenuineIntel
cpu family	: 6
model		: 58
model name	: Intel(R) Xeon(R) CPU E3-1245 V2 @ 3.40GHz
stepping	: 9
microcode	: 0x1c
cpu MHz		: 3599.882
cache size	: 8192 KB
physical id	: 0
siblings	: 8
core id		: 2
cpu cores	: 4
apicid		: 5
initial apicid	: 5
fpu		: yes
fpu_exception	: yes
cpuid level	: 13
wp		: yes
flags		: fpu vme de pse tsc msr pae mce cx8 apic sep mtrr pge mca cmov pat pse36 clflush dts acpi mmx fxsr sse sse2 ss ht tm pbe syscall nx rdtscp lm constant_tsc arch_perfmon pebs bts rep_good nopl xtopology nonstop_tsc aperfmperf eagerfpu pni pclmulqdq dtes64 monitor ds_cpl vmx smx est tm2 ssse3 cx16 xtpr pdcm pcid sse4_1 sse4_2 x2apic popcnt tsc_deadline_timer aes xsave avx f16c rdrand lahf_lm epb tpr_shadow vnmi flexpriority ept vpid fsgsbase smep erms xsaveopt dtherm ida arat pln pts
bugs		:
bogomips	: 6784.68
clflush size	: 64
cache_alignment	: 64
address sizes	: 36 bits physical, 48 bits virtual
power management:

processor	: 7
vendor_id	: GenuineIntel
cpu family	: 6
model		: 58
model name	: Intel(R) Xeon(R) CPU E3-1245 V2 @ 3.40GHz
stepping	: 9
microcode	: 0x1c
cpu MHz		: 3599.882
cache size	: 8192 KB
physical id	: 0
siblings	: 8
core id		: 3
cpu cores	: 4
apicid		: 7
initial apicid	: 7
fpu		: yes
fpu_exception	: yes
cpuid level	: 13
wp		: yes
flags		: fpu vme de pse tsc msr pae mce cx8 apic sep mtrr pge mca cmov pat pse36 clflush dts acpi mmx fxsr sse sse2 ss ht tm pbe syscall nx rdtscp lm constant_tsc arch_perfmon pebs bts rep_good nopl xtopology nonstop_tsc aperfmperf eagerfpu pni pclmulqdq dtes64 monitor ds_cpl vmx smx est tm2 ssse3 cx16 xtpr pdcm pcid sse4_1 sse4_2 x2apic popcnt tsc_deadline_timer aes xsave avx f16c rdrand lahf_lm epb tpr_shadow vnmi flexpriority ept vpid fsgsbase smep erms xsaveopt dtherm ida arat pln pts
bugs		:
bogomips	: 6784.68
clflush size	: 64
cache_alignment	: 64
address sizes	: 36 bits physical, 48 bits virtual
power management:



Memory: 4k page, physical 16314424k(3085836k free), swap 8000508k(8000508k free)

vm_info: OpenJDK 64-Bit Server VM (25.152-b01) for linux-amd64 JRE (1.8.0_152-release-915-b01), built by "builder" with gcc 4.8.4

time: Mon Nov 20 14:05:49 2017
elapsed time: 1 seconds (0d 0h 0m 1s)

