#
# A fatal error has been detected by the Java Runtime Environment:
#
#  SIGSEGV (0xb) at pc=0x00007fb07ea6b511, pid=25394, tid=0x00007fb04a38b700
#
# JRE version: OpenJDK Runtime Environment (8.0_152-b01) (build 1.8.0_152-release-915-b01)
# Java VM: OpenJDK 64-Bit Server VM (25.152-b01 mixed mode linux-amd64 compressed oops)
# Problematic frame:
# V  [libjvm.so+0x3e3511]  ciBaseObject::ident()+0x1
#
# Failed to write core dump. Core dumps have been disabled. To enable core dumping, try "ulimit -c unlimited" before starting Java again
#
# If you would like to submit a bug report, please visit:
#   http://bugreport.java.com/bugreport/crash.jsp
#

---------------  T H R E A D  ---------------

Current thread (0x00007fb0780ca000):  JavaThread "C2 CompilerThread2" daemon [_thread_in_native, id=25482, stack(0x00007fb04a28b000,0x00007fb04a38c000)]

siginfo: si_signo: 11 (SIGSEGV), si_code: 1 (SEGV_MAPERR), si_addr: 0x0000002000000008

Registers:
RAX=0x0000000000000000, RBX=0x00007fb020559fc8, RCX=0x0000000000000000, RDX=0x00007fb020559fc8
RSP=0x00007fb04a388520, RBP=0x00007fb04a388530, RSI=0x00007fb020559fc8, RDI=0x0000002000000000
R8 =0x0000000000000001, R9 =0x0000002000000000, R10=0x0000000000000000, R11=0x00000000ffffffff
R12=0x00007fb0200030d0, R13=0x00007fb03400be60, R14=0x00007fb020559ed8, R15=0x00007fb020559dc8
RIP=0x00007fb07ea6b511, EFLAGS=0x0000000000010206, CSGSFS=0x0000000000000033, ERR=0x0000000000000004
  TRAPNO=0x000000000000000e

Top of Stack: (sp=0x00007fb04a388520)
0x00007fb04a388520:   00007fb04a388530 00007fb07ea888c9
0x00007fb04a388530:   00007fb04a388560 00007fb07f02c2b4
0x00007fb04a388540:   0000002000000000 00007fb020559fc8
0x00007fb04a388550:   00007fb0200030d0 00007fb07f533890
0x00007fb04a388560:   00007fb04a3885c0 00007fb07eb9cbe7
0x00007fb04a388570:   00007fb000000000 00000000ffffffff
0x00007fb04a388580:   00007fb020559fc8 00007fb020559fc8
0x00007fb04a388590:   00007fb03400be90 00007fb020559fc8
0x00007fb04a3885a0:   00007fb0200030d0 00007fb07f533890
0x00007fb04a3885b0:   00007fb020559ed8 00007fb020559dc8
0x00007fb04a3885c0:   00007fb04a3885f0 00007fb07f02c745
0x00007fb04a3885d0:   00007fb03400be60 0000000000000000
0x00007fb04a3885e0:   00007fb03400be60 00007fb07f0ff500
0x00007fb04a3885f0:   00007fb04a388680 00007fb07f035bee
0x00007fb04a388600:   00007fb0ffffffff 0000000000000000
0x00007fb04a388610:   00007fb080000001 00007fb000000000
0x00007fb04a388620:   00007fb03400ad00 00007fb020559dc8
0x00007fb04a388630:   00007fb04a388600 00007fb0ffffffff
0x00007fb04a388640:   00007fb0205dc100 0000000000000001
0x00007fb04a388650:   00007fb0205dc178 00007fb0205a8a90
0x00007fb04a388660:   00007fb020559f70 00000000000001c6
0x00007fb04a388670:   00007fb020559d50 00007fb04a3889c0
0x00007fb04a388680:   00007fb04a3886a0 00007fb07f02b040
0x00007fb04a388690:   00007fb0205a8a90 00007fb020559f70
0x00007fb04a3886a0:   00007fb04a3886e0 00007fb07f02e385
0x00007fb04a3886b0:   00007fb020559f70 00007fb04a3889c0
0x00007fb04a3886c0:   00007fb0205a8a90 00007fb04a389550
0x00007fb04a3886d0:   00000000000001c6 00007fb020559f70
0x00007fb04a3886e0:   00007fb04a388710 00007fb07ef2bdef
0x00007fb04a3886f0:   00007fb0205a8a90 00007fb0205dc178
0x00007fb04a388700:   00007fb0205dc4b8 00007fb020559f70
0x00007fb04a388710:   00007fb04a388760 00007fb07ec32257 

Instructions: (pc=0x00007fb07ea6b511)
0x00007fb07ea6b4f1:   b8 01 00 00 00 48 89 e5 5d c3 0f 1f 44 00 00 55
0x00007fb07ea6b501:   01 f6 01 77 08 48 89 e5 5d c3 90 0f 1f 40 00 55
0x00007fb07ea6b511:   8b 47 08 48 89 e5 d1 e8 5d c3 0f 1f 44 00 00 55
0x00007fb07ea6b521:   48 8d 05 68 83 ac 00 48 89 e5 41 54 53 48 89 fb 

Register to memory mapping:

RAX=0x0000000000000000 is an unknown value
RBX=0x00007fb020559fc8 is an unknown value
RCX=0x0000000000000000 is an unknown value
RDX=0x00007fb020559fc8 is an unknown value
RSP=0x00007fb04a388520 is pointing into the stack for thread: 0x00007fb0780ca000
RBP=0x00007fb04a388530 is pointing into the stack for thread: 0x00007fb0780ca000
RSI=0x00007fb020559fc8 is an unknown value
RDI=0x0000002000000000 is an unknown value
R8 =0x0000000000000001 is an unknown value
R9 =0x0000002000000000 is an unknown value
R10=0x0000000000000000 is an unknown value
R11=0x00000000ffffffff is an unknown value
R12=0x00007fb0200030d0 is an unknown value
R13=0x00007fb03400be60 is an unknown value
R14=0x00007fb020559ed8 is an unknown value
R15=0x00007fb020559dc8 is an unknown value


Stack: [0x00007fb04a28b000,0x00007fb04a38c000],  sp=0x00007fb04a388520,  free space=1013k
Native frames: (J=compiled Java code, j=interpreted, Vv=VM code, C=native code)
V  [libjvm.so+0x3e3511]  ciBaseObject::ident()+0x1
V  [libjvm.so+0x9a42b4]  TypeAryPtr::hash() const+0x24
V  [libjvm.so+0x514be7]  Dict::Insert(void*, void*, bool)+0x27
V  [libjvm.so+0x9a4745]  Type::hashcons()+0x45
V  [libjvm.so+0x9adbee]  TypeAryPtr::xmeet_helper(Type const*) const+0x76e
V  [libjvm.so+0x9a3040]  TypeOopPtr::xmeet(Type const*) const+0x10
V  [libjvm.so+0x9a6385]  TypeOopPtr::filter_helper(Type const*, bool) const+0x25
V  [libjvm.so+0x8a3def]  PhaseGVN::transform_no_reclaim(Node*)+0x5f
V  [libjvm.so+0x5aa257]  GraphKit::cast_not_null(Node*, bool)+0x137
V  [libjvm.so+0x5b6e7d]  GraphKit::null_check_common(Node*, BasicType, bool, Node**) [clone .part.289]+0x96d
V  [libjvm.so+0x88a48e]  Parse::do_one_bytecode()+0x404e
V  [libjvm.so+0x87c114]  Parse::do_one_block()+0x174
V  [libjvm.so+0x87c584]  Parse::do_all_blocks()+0x104
V  [libjvm.so+0x87e652]  Parse::Parse(JVMState*, ciMethod*, float)+0x842
V  [libjvm.so+0x3c6a68]  ParseGenerator::generate(JVMState*)+0x78
V  [libjvm.so+0x523fb6]  Parse::do_call()+0x286
V  [libjvm.so+0x88a526]  Parse::do_one_bytecode()+0x40e6
V  [libjvm.so+0x87c114]  Parse::do_one_block()+0x174
V  [libjvm.so+0x87c584]  Parse::do_all_blocks()+0x104
V  [libjvm.so+0x87e652]  Parse::Parse(JVMState*, ciMethod*, float)+0x842
V  [libjvm.so+0x3c6a68]  ParseGenerator::generate(JVMState*)+0x78
V  [libjvm.so+0x523fb6]  Parse::do_call()+0x286
V  [libjvm.so+0x88a526]  Parse::do_one_bytecode()+0x40e6
V  [libjvm.so+0x87c114]  Parse::do_one_block()+0x174
V  [libjvm.so+0x87c584]  Parse::do_all_blocks()+0x104
V  [libjvm.so+0x87e652]  Parse::Parse(JVMState*, ciMethod*, float)+0x842
V  [libjvm.so+0x3c6a68]  ParseGenerator::generate(JVMState*)+0x78
V  [libjvm.so+0x4692ba]  Compile::Compile(ciEnv*, C2Compiler*, ciMethod*, int, bool, bool, bool)+0xf9a
V  [libjvm.so+0x3c6038]  C2Compiler::compile_method(ciEnv*, ciMethod*, int)+0x1c8
V  [libjvm.so+0x471ad2]  CompileBroker::invoke_compiler_on_method(CompileTask*)+0x8b2
V  [libjvm.so+0x472988]  CompileBroker::compiler_thread_loop()+0x4e8
V  [libjvm.so+0x996db8]  JavaThread::thread_main_inner()+0xd8
V  [libjvm.so+0x84e792]  java_start(Thread*)+0xf2
C  [libpthread.so.0+0x76ba]  start_thread+0xca


Current CompileTask:
C2:   1532  829       4       org.objectweb.asm.ClassWriter::newUTF8 (70 bytes)


---------------  P R O C E S S  ---------------

Java Threads: ( => current thread )
  0x00007fb0780ce800 JavaThread "Service Thread" daemon [_thread_blocked, id=25484, stack(0x00007fb04a089000,0x00007fb04a18a000)]
  0x00007fb0780cc000 JavaThread "C1 CompilerThread3" daemon [_thread_in_native, id=25483, stack(0x00007fb04a18a000,0x00007fb04a28b000)]
=>0x00007fb0780ca000 JavaThread "C2 CompilerThread2" daemon [_thread_in_native, id=25482, stack(0x00007fb04a28b000,0x00007fb04a38c000)]
  0x00007fb0780c8800 JavaThread "C2 CompilerThread1" daemon [_thread_blocked, id=25480, stack(0x00007fb04a38c000,0x00007fb04a48d000)]
  0x00007fb0780c5800 JavaThread "C2 CompilerThread0" daemon [_thread_blocked, id=25473, stack(0x00007fb04a48d000,0x00007fb04a58e000)]
  0x00007fb0780c4000 JavaThread "Signal Dispatcher" daemon [_thread_blocked, id=25467, stack(0x00007fb04a58e000,0x00007fb04a68f000)]
  0x00007fb078091000 JavaThread "Finalizer" daemon [_thread_blocked, id=25459, stack(0x00007fb04aaeb000,0x00007fb04abec000)]
  0x00007fb07808c800 JavaThread "Reference Handler" daemon [_thread_blocked, id=25454, stack(0x00007fb04abec000,0x00007fb04aced000)]
  0x00007fb07800f800 JavaThread "main" [_thread_in_vm, id=25398, stack(0x00007fb08008e000,0x00007fb08018f000)]

Other Threads:
  0x00007fb078085000 VMThread [stack: 0x00007fb04aced000,0x00007fb04adee000] [id=25442]
  0x00007fb0780d1000 WatcherThread [stack: 0x00007fb049f88000,0x00007fb04a089000] [id=25485]

VM state:not at safepoint (normal execution)

VM Mutex/Monitor currently owned by a thread: None

Heap:
 PSYoungGen      total 18944K, used 16188K [0x00000000feb00000, 0x0000000100000000, 0x0000000100000000)
  eden space 16384K, 83% used [0x00000000feb00000,0x00000000ff8565a8,0x00000000ffb00000)
  from space 2560K, 98% used [0x00000000ffb00000,0x00000000ffd78b40,0x00000000ffd80000)
  to   space 2560K, 0% used [0x00000000ffd80000,0x00000000ffd80000,0x0000000100000000)
 ParOldGen       total 44032K, used 1759K [0x00000000fc000000, 0x00000000feb00000, 0x00000000feb00000)
  object space 44032K, 3% used [0x00000000fc000000,0x00000000fc1b7fd8,0x00000000feb00000)
 Metaspace       used 7406K, capacity 7564K, committed 7680K, reserved 1056768K
  class space    used 858K, capacity 924K, committed 1024K, reserved 1048576K

Card table byte_map: [0x00007fb08006d000,0x00007fb08008e000] byte_map_base: 0x00007fb07f88d000

Marking Bits: (ParMarkBitMap*) 0x00007fb07f55d3e0
 Begin Bits: [0x00007fb07c512000, 0x00007fb07c612000)
 End Bits:   [0x00007fb07c612000, 0x00007fb07c712000)

Polling page: 0x00007fb0801b0000

CodeCache: size=245760Kb used=3049Kb max_used=3061Kb free=242710Kb
 bounds [0x00007fb069000000, 0x00007fb069300000, 0x00007fb078000000]
 total_blobs=1142 nmethods=820 adapters=237
 compilation: enabled

Compilation events (10 events):
Event: 1,500 Thread 0x00007fb0780cc000  818       3       org.objectweb.asm.MethodWriter::visitMethodInsn (228 bytes)
Event: 1,501 Thread 0x00007fb0780cc000 nmethod 818 0x00007fb0692f91d0 code [0x00007fb0692f93c0, 0x00007fb0692f9a88]
Event: 1,501 Thread 0x00007fb0780cc000  819       3       org.objectweb.asm.ClassWriter::a (91 bytes)
Event: 1,502 Thread 0x00007fb0780cc000 nmethod 819 0x00007fb0692f9e10 code [0x00007fb0692fa000, 0x00007fb0692fa658]
Event: 1,502 Thread 0x00007fb0780cc000  823       3       org.objectweb.asm.tree.MethodNode::visitLocalVariable (35 bytes)
Event: 1,506 Thread 0x00007fb0780ca000  821       4       org.objectweb.asm.Item::a (354 bytes)
Event: 1,512 Thread 0x00007fb0780ca000 nmethod 821 0x00007fb0692fc350 code [0x00007fb0692fc640, 0x00007fb0692fd098]
Event: 1,515 Thread 0x00007fb0780c5800  827       4       org.objectweb.asm.ByteVector::putByte (39 bytes)
Event: 1,516 Thread 0x00007fb0780c5800 nmethod 827 0x00007fb0692b8e90 code [0x00007fb0692b8fe0, 0x00007fb0692b9108]
Event: 1,520 Thread 0x00007fb0780ca000  829       4       org.objectweb.asm.ClassWriter::newUTF8 (70 bytes)

GC Heap History (2 events):
Event: 0,893 GC heap before
{Heap before GC invocations=1 (full 0):
 PSYoungGen      total 18944K, used 16384K [0x00000000feb00000, 0x0000000100000000, 0x0000000100000000)
  eden space 16384K, 100% used [0x00000000feb00000,0x00000000ffb00000,0x00000000ffb00000)
  from space 2560K, 0% used [0x00000000ffd80000,0x00000000ffd80000,0x0000000100000000)
  to   space 2560K, 0% used [0x00000000ffb00000,0x00000000ffb00000,0x00000000ffd80000)
 ParOldGen       total 44032K, used 0K [0x00000000fc000000, 0x00000000feb00000, 0x00000000feb00000)
  object space 44032K, 0% used [0x00000000fc000000,0x00000000fc000000,0x00000000feb00000)
 Metaspace       used 6378K, capacity 6490K, committed 6784K, reserved 1056768K
  class space    used 753K, capacity 823K, committed 896K, reserved 1048576K
Event: 0,924 GC heap after
Heap after GC invocations=1 (full 0):
 PSYoungGen      total 18944K, used 2530K [0x00000000feb00000, 0x0000000100000000, 0x0000000100000000)
  eden space 16384K, 0% used [0x00000000feb00000,0x00000000feb00000,0x00000000ffb00000)
  from space 2560K, 98% used [0x00000000ffb00000,0x00000000ffd78b40,0x00000000ffd80000)
  to   space 2560K, 0% used [0x00000000ffd80000,0x00000000ffd80000,0x0000000100000000)
 ParOldGen       total 44032K, used 1759K [0x00000000fc000000, 0x00000000feb00000, 0x00000000feb00000)
  object space 44032K, 3% used [0x00000000fc000000,0x00000000fc1b7fd8,0x00000000feb00000)
 Metaspace       used 6378K, capacity 6490K, committed 6784K, reserved 1056768K
  class space    used 753K, capacity 823K, committed 896K, reserved 1048576K
}

Deoptimization events (10 events):
Event: 0,821 Thread 0x00007fb07800f800 Uncommon trap: reason=unstable_if action=reinterpret pc=0x00007fb0692126b4 method=java.util.zip.ZipCoder.decoder()Ljava/nio/charset/CharsetDecoder; @ 4
Event: 0,821 Thread 0x00007fb07800f800 Uncommon trap: reason=unstable_if action=reinterpret pc=0x00007fb06920be38 method=java.util.zip.ZipEntry.setExtra0([BZ)V @ 1
Event: 0,825 Thread 0x00007fb07800f800 Uncommon trap: reason=unstable_if action=reinterpret pc=0x00007fb0692089b0 method=java.util.zip.ZipFile$ZipEntryIterator.hasNext()Z @ 25
Event: 0,825 Thread 0x00007fb07800f800 Uncommon trap: reason=unstable_if action=reinterpret pc=0x00007fb06920cb8c method=java.util.zip.ZipCoder.decoder()Ljava/nio/charset/CharsetDecoder; @ 4
Event: 0,828 Thread 0x00007fb07800f800 Uncommon trap: reason=unstable_if action=reinterpret pc=0x00007fb06920fda4 method=java.util.zip.ZipFile$ZipEntryIterator.hasNext()Z @ 25
Event: 0,828 Thread 0x00007fb07800f800 Uncommon trap: reason=unstable_if action=reinterpret pc=0x00007fb0692099e8 method=java.util.zip.ZipCoder.decoder()Ljava/nio/charset/CharsetDecoder; @ 4
Event: 0,984 Thread 0x00007fb07800f800 Uncommon trap: reason=unstable_if action=reinterpret pc=0x00007fb06921e6a8 method=java.util.zip.ZipFile.getZipEntry(Ljava/lang/String;J)Ljava/util/zip/ZipEntry; @ 19
Event: 1,018 Thread 0x00007fb07800f800 Uncommon trap: reason=unstable_if action=reinterpret pc=0x00007fb06918f1f0 method=java.lang.String.replace(CC)Ljava/lang/String; @ 2
Event: 1,137 Thread 0x00007fb07800f800 Uncommon trap: reason=unloaded action=reinterpret pc=0x00007fb06920a0a0 method=java.util.zip.ZipEntry.setExtra0([BZ)V @ 37
Event: 1,187 Thread 0x00007fb07800f800 Uncommon trap: reason=unstable_if action=reinterpret pc=0x00007fb0692051e8 method=java.lang.String.<init>([CII)V @ 18

Classes redefined (0 events):
No events

Internal exceptions (10 events):
Event: 0,642 Thread 0x00007fb07800f800 Exception <a 'sun/nio/fs/UnixException'> (0x00000000ff19f748) thrown at [/ssd/Android/AOSP-openjdk-git/jdk8u/hotspot/src/share/vm/prims/jni.cpp, line 709]
Event: 0,642 Thread 0x00007fb07800f800 Exception <a 'sun/nio/fs/UnixException'> (0x00000000ff19fc98) thrown at [/ssd/Android/AOSP-openjdk-git/jdk8u/hotspot/src/share/vm/prims/jni.cpp, line 709]
Event: 1,009 Thread 0x00007fb07800f800 Exception <a 'sun/nio/fs/UnixException'> (0x00000000ff13d300) thrown at [/ssd/Android/AOSP-openjdk-git/jdk8u/hotspot/src/share/vm/prims/jni.cpp, line 709]
Event: 1,009 Thread 0x00007fb07800f800 Exception <a 'sun/nio/fs/UnixException'> (0x00000000ff13d860) thrown at [/ssd/Android/AOSP-openjdk-git/jdk8u/hotspot/src/share/vm/prims/jni.cpp, line 709]
Event: 1,009 Thread 0x00007fb07800f800 Exception <a 'sun/nio/fs/UnixException'> (0x00000000ff13dda8) thrown at [/ssd/Android/AOSP-openjdk-git/jdk8u/hotspot/src/share/vm/prims/jni.cpp, line 709]
Event: 1,014 Thread 0x00007fb07800f800 Exception <a 'sun/nio/fs/UnixException'> (0x00000000ff141dc8) thrown at [/ssd/Android/AOSP-openjdk-git/jdk8u/hotspot/src/share/vm/prims/jni.cpp, line 709]
Event: 1,173 Thread 0x00007fb07800f800 Exception <a 'sun/nio/fs/UnixException'> (0x00000000ff49bef0) thrown at [/ssd/Android/AOSP-openjdk-git/jdk8u/hotspot/src/share/vm/prims/jni.cpp, line 709]
Event: 1,173 Thread 0x00007fb07800f800 Exception <a 'sun/nio/fs/UnixException'> (0x00000000ff49c578) thrown at [/ssd/Android/AOSP-openjdk-git/jdk8u/hotspot/src/share/vm/prims/jni.cpp, line 709]
Event: 1,177 Thread 0x00007fb07800f800 Exception <a 'sun/nio/fs/UnixException'> (0x00000000ff4a7c98) thrown at [/ssd/Android/AOSP-openjdk-git/jdk8u/hotspot/src/share/vm/prims/jni.cpp, line 709]
Event: 1,177 Thread 0x00007fb07800f800 Exception <a 'sun/nio/fs/UnixException'> (0x00000000ff4a82a0) thrown at [/ssd/Android/AOSP-openjdk-git/jdk8u/hotspot/src/share/vm/prims/jni.cpp, line 709]

Events (10 events):
Event: 1,249 loading class java/util/zip/ZipOutputStream$XEntry
Event: 1,249 loading class java/util/zip/ZipOutputStream$XEntry done
Event: 1,258 Thread 0x00007fb07800f800 DEOPT PACKING pc=0x00007fb069132a0a sp=0x00007fb08018d3d0
Event: 1,258 Thread 0x00007fb07800f800 DEOPT UNPACKING pc=0x00007fb069047373 sp=0x00007fb08018d120 mode 0
Event: 1,268 loading class org/objectweb/asm/Opcodes
Event: 1,268 loading class org/objectweb/asm/Opcodes done
Event: 1,280 loading class org/objectweb/asm/tree/TryCatchBlockNode
Event: 1,280 loading class org/objectweb/asm/tree/TryCatchBlockNode done
Event: 1,281 loading class org/objectweb/asm/Handler
Event: 1,281 loading class org/objectweb/asm/Handler done


Dynamic libraries:
00400000-00401000 r-xp 00000000 08:06 4458926                            /home/benny/android-studio/jre/bin/java
00600000-00601000 r--p 00000000 08:06 4458926                            /home/benny/android-studio/jre/bin/java
00601000-00602000 rw-p 00001000 08:06 4458926                            /home/benny/android-studio/jre/bin/java
01bd1000-01bf2000 rw-p 00000000 00:00 0                                  [heap]
fc000000-100100000 rw-p 00000000 00:00 0 
100100000-140000000 ---p 00000000 00:00 0 
7fb018000000-7fb018021000 rw-p 00000000 00:00 0 
7fb018021000-7fb01c000000 ---p 00000000 00:00 0 
7fb020000000-7fb0205e7000 rw-p 00000000 00:00 0 
7fb0205e7000-7fb024000000 ---p 00000000 00:00 0 
7fb024000000-7fb024021000 rw-p 00000000 00:00 0 
7fb024021000-7fb028000000 ---p 00000000 00:00 0 
7fb028000000-7fb0280ae000 rw-p 00000000 00:00 0 
7fb0280ae000-7fb02c000000 ---p 00000000 00:00 0 
7fb02c000000-7fb02c310000 rw-p 00000000 00:00 0 
7fb02c310000-7fb030000000 ---p 00000000 00:00 0 
7fb030000000-7fb030021000 rw-p 00000000 00:00 0 
7fb030021000-7fb034000000 ---p 00000000 00:00 0 
7fb034000000-7fb034185000 rw-p 00000000 00:00 0 
7fb034185000-7fb038000000 ---p 00000000 00:00 0 
7fb038000000-7fb038021000 rw-p 00000000 00:00 0 
7fb038021000-7fb03c000000 ---p 00000000 00:00 0 
7fb03c000000-7fb03c021000 rw-p 00000000 00:00 0 
7fb03c021000-7fb040000000 ---p 00000000 00:00 0 
7fb040000000-7fb040021000 rw-p 00000000 00:00 0 
7fb040021000-7fb044000000 ---p 00000000 00:00 0 
7fb044000000-7fb044021000 rw-p 00000000 00:00 0 
7fb044021000-7fb048000000 ---p 00000000 00:00 0 
7fb0496ab000-7fb0496ac000 r--s 00005000 08:06 2642827                    /home/benny/gitlab/InteraktiveMedien/InteractiveMedia/app/build/intermediates/transforms/stackFramesFixer/customDebugType/47.jar
7fb0496ac000-7fb0496ad000 r--s 00005000 08:06 2642817                    /home/benny/gitlab/InteraktiveMedien/InteractiveMedia/app/build/intermediates/transforms/stackFramesFixer/customDebugType/46.jar
7fb0496ad000-7fb0496af000 r--s 00012000 08:06 2642821                    /home/benny/gitlab/InteraktiveMedien/InteractiveMedia/app/build/intermediates/transforms/stackFramesFixer/customDebugType/45.jar
7fb0496af000-7fb0496b1000 r--s 0000b000 08:06 2642816                    /home/benny/gitlab/InteraktiveMedien/InteractiveMedia/app/build/intermediates/transforms/stackFramesFixer/customDebugType/44.jar
7fb0496b1000-7fb0496b2000 r--s 00004000 08:06 2642811                    /home/benny/gitlab/InteraktiveMedien/InteractiveMedia/app/build/intermediates/transforms/stackFramesFixer/customDebugType/41.jar
7fb0496b2000-7fb0496ba000 r--s 000f3000 08:06 2642812                    /home/benny/gitlab/InteraktiveMedien/InteractiveMedia/app/build/intermediates/transforms/stackFramesFixer/customDebugType/40.jar
7fb0496ba000-7fb0496bc000 r--s 00032000 08:06 2642804                    /home/benny/gitlab/InteraktiveMedien/InteractiveMedia/app/build/intermediates/transforms/stackFramesFixer/customDebugType/32.jar
7fb0496bc000-7fb0496bf000 r--s 00007000 08:06 2642801                    /home/benny/gitlab/InteraktiveMedien/InteractiveMedia/app/build/intermediates/transforms/stackFramesFixer/customDebugType/31.jar
7fb0496bf000-7fb0496c1000 r--s 0000a000 08:06 2642800                    /home/benny/gitlab/InteraktiveMedien/InteractiveMedia/app/build/intermediates/transforms/stackFramesFixer/customDebugType/30.jar
7fb0496c1000-7fb0496cd000 r--s 0011a000 08:06 2642810                    /home/benny/gitlab/InteraktiveMedien/InteractiveMedia/app/build/intermediates/transforms/stackFramesFixer/customDebugType/29.jar
7fb0496cd000-7fb0496d5000 r--s 000b6000 08:06 2642799                    /home/benny/gitlab/InteraktiveMedien/InteractiveMedia/app/build/intermediates/transforms/stackFramesFixer/customDebugType/28.jar
7fb0496d5000-7fb0496d7000 r--s 00017000 08:06 2642798                    /home/benny/gitlab/InteraktiveMedien/InteractiveMedia/app/build/intermediates/transforms/stackFramesFixer/customDebugType/27.jar
7fb0496d7000-7fb0496db000 r--s 00074000 08:06 2642797                    /home/benny/gitlab/InteraktiveMedien/InteractiveMedia/app/build/intermediates/transforms/stackFramesFixer/customDebugType/26.jar
7fb0496db000-7fb0496e0000 r--s 0005d000 08:06 2642796                    /home/benny/gitlab/InteraktiveMedien/InteractiveMedia/app/build/intermediates/transforms/stackFramesFixer/customDebugType/25.jar
7fb0496e0000-7fb0496e1000 r--s 00011000 08:06 2642795                    /home/benny/gitlab/InteraktiveMedien/InteractiveMedia/app/build/intermediates/transforms/stackFramesFixer/customDebugType/24.jar
7fb0496e1000-7fb0496e2000 r--s 00012000 08:06 2642794                    /home/benny/gitlab/InteraktiveMedien/InteractiveMedia/app/build/intermediates/transforms/stackFramesFixer/customDebugType/23.jar
7fb0496e2000-7fb0496e5000 r--s 00032000 08:06 2642793                    /home/benny/gitlab/InteraktiveMedien/InteractiveMedia/app/build/intermediates/transforms/stackFramesFixer/customDebugType/22.jar
7fb0496e5000-7fb0496ec000 r--s 000a5000 08:06 2642792                    /home/benny/gitlab/InteraktiveMedien/InteractiveMedia/app/build/intermediates/transforms/stackFramesFixer/customDebugType/21.jar
7fb0496ec000-7fb0496ef000 r--s 0005f000 08:06 2642791                    /home/benny/gitlab/InteraktiveMedien/InteractiveMedia/app/build/intermediates/transforms/stackFramesFixer/customDebugType/20.jar
7fb0496ef000-7fb0496f0000 r--s 00000000 08:06 2642790                    /home/benny/gitlab/InteraktiveMedien/InteractiveMedia/app/build/intermediates/transforms/stackFramesFixer/customDebugType/19.jar
7fb0496f0000-7fb0496fa000 r--s 000a1000 08:06 2642786                    /home/benny/gitlab/InteraktiveMedien/InteractiveMedia/app/build/intermediates/transforms/stackFramesFixer/customDebugType/18.jar
7fb0496fa000-7fb0496fc000 r--s 0001a000 08:06 2642787                    /home/benny/gitlab/InteraktiveMedien/InteractiveMedia/app/build/intermediates/transforms/stackFramesFixer/customDebugType/17.jar
7fb0496fc000-7fb0496fe000 r--s 00013000 08:06 2642785                    /home/benny/gitlab/InteraktiveMedien/InteractiveMedia/app/build/intermediates/transforms/stackFramesFixer/customDebugType/16.jar
7fb0496fe000-7fb049700000 r--s 00016000 08:06 2642784                    /home/benny/gitlab/InteraktiveMedien/InteractiveMedia/app/build/intermediates/transforms/stackFramesFixer/customDebugType/15.jar
7fb049700000-7fb049705000 r--s 00093000 08:06 2642783                    /home/benny/gitlab/InteraktiveMedien/InteractiveMedia/app/build/intermediates/transforms/stackFramesFixer/customDebugType/14.jar
7fb049705000-7fb04970f000 r--s 000bc000 08:06 2642782                    /home/benny/gitlab/InteraktiveMedien/InteractiveMedia/app/build/intermediates/transforms/stackFramesFixer/customDebugType/13.jar
7fb04970f000-7fb049713000 r--s 0002c000 08:06 2642781                    /home/benny/gitlab/InteraktiveMedien/InteractiveMedia/app/build/intermediates/transforms/stackFramesFixer/customDebugType/12.jar
7fb049713000-7fb049715000 r--s 00001000 08:06 2642780                    /home/benny/gitlab/InteraktiveMedien/InteractiveMedia/app/build/intermediates/transforms/stackFramesFixer/customDebugType/10.jar
7fb049715000-7fb04971b000 r--s 000b9000 08:06 2642802                    /home/benny/gitlab/InteraktiveMedien/InteractiveMedia/app/build/intermediates/transforms/stackFramesFixer/customDebugType/9.jar
7fb04971b000-7fb049828000 r--s 01b1d000 08:06 1906560                    /home/benny/Android/Sdk/platforms/android-27/android.jar
7fb049828000-7fb049b29000 rw-p 00000000 00:00 0 
7fb049b29000-7fb049b3f000 r-xp 00000000 08:06 4725869                    /home/benny/android-studio/jre/jre/lib/amd64/libnet.so
7fb049b3f000-7fb049d3f000 ---p 00016000 08:06 4725869                    /home/benny/android-studio/jre/jre/lib/amd64/libnet.so
7fb049d3f000-7fb049d40000 r--p 00016000 08:06 4725869                    /home/benny/android-studio/jre/jre/lib/amd64/libnet.so
7fb049d40000-7fb049d41000 rw-p 00017000 08:06 4725869                    /home/benny/android-studio/jre/jre/lib/amd64/libnet.so
7fb049d41000-7fb049d52000 r-xp 00000000 08:06 4725870                    /home/benny/android-studio/jre/jre/lib/amd64/libnio.so
7fb049d52000-7fb049f51000 ---p 00011000 08:06 4725870                    /home/benny/android-studio/jre/jre/lib/amd64/libnio.so
7fb049f51000-7fb049f52000 r--p 00010000 08:06 4725870                    /home/benny/android-studio/jre/jre/lib/amd64/libnio.so
7fb049f52000-7fb049f53000 rw-p 00011000 08:06 4725870                    /home/benny/android-studio/jre/jre/lib/amd64/libnio.so
7fb049f53000-7fb049f88000 r--s 00270000 08:06 1835539                    /tmp/desugar_deploy.jar3666529980624926600
7fb049f88000-7fb049f89000 ---p 00000000 00:00 0 
7fb049f89000-7fb04a089000 rw-p 00000000 00:00 0 
7fb04a089000-7fb04a08c000 ---p 00000000 00:00 0 
7fb04a08c000-7fb04a18a000 rw-p 00000000 00:00 0 
7fb04a18a000-7fb04a18d000 ---p 00000000 00:00 0 
7fb04a18d000-7fb04a28b000 rw-p 00000000 00:00 0 
7fb04a28b000-7fb04a28e000 ---p 00000000 00:00 0 
7fb04a28e000-7fb04a38c000 rw-p 00000000 00:00 0 
7fb04a38c000-7fb04a38f000 ---p 00000000 00:00 0 
7fb04a38f000-7fb04a48d000 rw-p 00000000 00:00 0 
7fb04a48d000-7fb04a490000 ---p 00000000 00:00 0 
7fb04a490000-7fb04a58e000 rw-p 00000000 00:00 0 
7fb04a58e000-7fb04a591000 ---p 00000000 00:00 0 
7fb04a591000-7fb04a68f000 rw-p 00000000 00:00 0 
7fb04a68f000-7fb04aaeb000 r--p 00000000 08:06 1966099                    /usr/lib/locale/locale-archive
7fb04aaeb000-7fb04aaee000 ---p 00000000 00:00 0 
7fb04aaee000-7fb04abec000 rw-p 00000000 00:00 0 
7fb04abec000-7fb04abef000 ---p 00000000 00:00 0 
7fb04abef000-7fb04aced000 rw-p 00000000 00:00 0 
7fb04aced000-7fb04acee000 ---p 00000000 00:00 0 
7fb04acee000-7fb04c000000 rw-p 00000000 00:00 0 
7fb04c000000-7fb04c021000 rw-p 00000000 00:00 0 
7fb04c021000-7fb050000000 ---p 00000000 00:00 0 
7fb050000000-7fb050021000 rw-p 00000000 00:00 0 
7fb050021000-7fb054000000 ---p 00000000 00:00 0 
7fb054000000-7fb054021000 rw-p 00000000 00:00 0 
7fb054021000-7fb058000000 ---p 00000000 00:00 0 
7fb058000000-7fb058021000 rw-p 00000000 00:00 0 
7fb058021000-7fb05c000000 ---p 00000000 00:00 0 
7fb05c000000-7fb05c021000 rw-p 00000000 00:00 0 
7fb05c021000-7fb060000000 ---p 00000000 00:00 0 
7fb060000000-7fb060021000 rw-p 00000000 00:00 0 
7fb060021000-7fb064000000 ---p 00000000 00:00 0 
7fb064000000-7fb064021000 rw-p 00000000 00:00 0 
7fb064021000-7fb068000000 ---p 00000000 00:00 0 
7fb068000000-7fb068001000 r--s 00003000 08:06 2642779                    /home/benny/gitlab/InteraktiveMedien/InteractiveMedia/app/build/intermediates/transforms/stackFramesFixer/customDebugType/11.jar
7fb068001000-7fb068002000 r--s 00013000 08:06 2642775                    /home/benny/gitlab/InteraktiveMedien/InteractiveMedia/app/build/intermediates/transforms/stackFramesFixer/customDebugType/8.jar
7fb068002000-7fb06800e000 r--s 000fb000 08:06 2642777                    /home/benny/gitlab/InteraktiveMedien/InteractiveMedia/app/build/intermediates/transforms/stackFramesFixer/customDebugType/7.jar
7fb06800e000-7fb068014000 r--s 0008b000 08:06 2642772                    /home/benny/gitlab/InteraktiveMedien/InteractiveMedia/app/build/intermediates/transforms/stackFramesFixer/customDebugType/6.jar
7fb068014000-7fb06801f000 r--s 0015e000 08:06 2642770                    /home/benny/gitlab/InteraktiveMedien/InteractiveMedia/app/build/intermediates/transforms/stackFramesFixer/customDebugType/4.jar
7fb06801f000-7fb068028000 r--s 000d7000 08:06 2642773                    /home/benny/gitlab/InteraktiveMedien/InteractiveMedia/app/build/intermediates/transforms/stackFramesFixer/customDebugType/3.jar
7fb068028000-7fb06802e000 r--s 000a7000 08:06 2642778                    /home/benny/gitlab/InteraktiveMedien/InteractiveMedia/app/build/intermediates/transforms/stackFramesFixer/customDebugType/1.jar
7fb06802e000-7fb068033000 r--s 002f9000 08:06 4725843                    /home/benny/android-studio/jre/jre/lib/charsets.jar
7fb068033000-7fb068e80000 rw-p 00000000 00:00 0 
7fb068e80000-7fb069000000 ---p 00000000 00:00 0 
7fb069000000-7fb069300000 rwxp 00000000 00:00 0 
7fb069300000-7fb078000000 ---p 00000000 00:00 0 
7fb078000000-7fb078439000 rw-p 00000000 00:00 0 
7fb078439000-7fb07c000000 ---p 00000000 00:00 0 
7fb07c000000-7fb07c004000 r--s 00028000 08:06 2642771                    /home/benny/gitlab/InteraktiveMedien/InteractiveMedia/app/build/intermediates/transforms/stackFramesFixer/customDebugType/5.jar
7fb07c004000-7fb07c007000 r--s 00015000 08:06 4725839                    /home/benny/android-studio/jre/jre/lib/jce.jar
7fb07c007000-7fb07c019000 r--s 00345000 08:06 4725838                    /home/benny/android-studio/jre/jre/lib/resources.jar
7fb07c019000-7fb07c2cc000 rw-p 00000000 00:00 0 
7fb07c2cc000-7fb07c49c000 r--s 03c46000 08:06 4725841                    /home/benny/android-studio/jre/jre/lib/rt.jar
7fb07c49c000-7fb07c712000 rw-p 00000000 00:00 0 
7fb07c712000-7fb07c713000 ---p 00000000 00:00 0 
7fb07c713000-7fb07c813000 rw-p 00000000 00:00 0 
7fb07c813000-7fb07c814000 ---p 00000000 00:00 0 
7fb07c814000-7fb07c914000 rw-p 00000000 00:00 0 
7fb07c914000-7fb07c915000 ---p 00000000 00:00 0 
7fb07c915000-7fb07ca15000 rw-p 00000000 00:00 0 
7fb07ca15000-7fb07ca16000 ---p 00000000 00:00 0 
7fb07ca16000-7fb07cb16000 rw-p 00000000 00:00 0 
7fb07cb16000-7fb07cb17000 ---p 00000000 00:00 0 
7fb07cb17000-7fb07cc17000 rw-p 00000000 00:00 0 
7fb07cc17000-7fb07cc18000 ---p 00000000 00:00 0 
7fb07cc18000-7fb07cd18000 rw-p 00000000 00:00 0 
7fb07cd18000-7fb07cd19000 ---p 00000000 00:00 0 
7fb07cd19000-7fb07ce19000 rw-p 00000000 00:00 0 
7fb07ce19000-7fb07ce1a000 ---p 00000000 00:00 0 
7fb07ce1a000-7fb07cf26000 rw-p 00000000 00:00 0 
7fb07cf26000-7fb07d2da000 ---p 00000000 00:00 0 
7fb07d2da000-7fb07d2f4000 r-xp 00000000 08:06 4725860                    /home/benny/android-studio/jre/jre/lib/amd64/libzip.so
7fb07d2f4000-7fb07d4f4000 ---p 0001a000 08:06 4725860                    /home/benny/android-studio/jre/jre/lib/amd64/libzip.so
7fb07d4f4000-7fb07d4f5000 r--p 0001a000 08:06 4725860                    /home/benny/android-studio/jre/jre/lib/amd64/libzip.so
7fb07d4f5000-7fb07d4f6000 rw-p 0001b000 08:06 4725860                    /home/benny/android-studio/jre/jre/lib/amd64/libzip.so
7fb07d4f6000-7fb07d501000 r-xp 00000000 08:06 802932                     /lib/x86_64-linux-gnu/libnss_files-2.23.so
7fb07d501000-7fb07d700000 ---p 0000b000 08:06 802932                     /lib/x86_64-linux-gnu/libnss_files-2.23.so
7fb07d700000-7fb07d701000 r--p 0000a000 08:06 802932                     /lib/x86_64-linux-gnu/libnss_files-2.23.so
7fb07d701000-7fb07d702000 rw-p 0000b000 08:06 802932                     /lib/x86_64-linux-gnu/libnss_files-2.23.so
7fb07d702000-7fb07d708000 rw-p 00000000 00:00 0 
7fb07d708000-7fb07d713000 r-xp 00000000 08:06 802935                     /lib/x86_64-linux-gnu/libnss_nis-2.23.so
7fb07d713000-7fb07d912000 ---p 0000b000 08:06 802935                     /lib/x86_64-linux-gnu/libnss_nis-2.23.so
7fb07d912000-7fb07d913000 r--p 0000a000 08:06 802935                     /lib/x86_64-linux-gnu/libnss_nis-2.23.so
7fb07d913000-7fb07d914000 rw-p 0000b000 08:06 802935                     /lib/x86_64-linux-gnu/libnss_nis-2.23.so
7fb07d914000-7fb07d92a000 r-xp 00000000 08:06 802928                     /lib/x86_64-linux-gnu/libnsl-2.23.so
7fb07d92a000-7fb07db29000 ---p 00016000 08:06 802928                     /lib/x86_64-linux-gnu/libnsl-2.23.so
7fb07db29000-7fb07db2a000 r--p 00015000 08:06 802928                     /lib/x86_64-linux-gnu/libnsl-2.23.so
7fb07db2a000-7fb07db2b000 rw-p 00016000 08:06 802928                     /lib/x86_64-linux-gnu/libnsl-2.23.so
7fb07db2b000-7fb07db2d000 rw-p 00000000 00:00 0 
7fb07db2d000-7fb07db35000 r-xp 00000000 08:06 802941                     /lib/x86_64-linux-gnu/libnss_compat-2.23.so
7fb07db35000-7fb07dd34000 ---p 00008000 08:06 802941                     /lib/x86_64-linux-gnu/libnss_compat-2.23.so
7fb07dd34000-7fb07dd35000 r--p 00007000 08:06 802941                     /lib/x86_64-linux-gnu/libnss_compat-2.23.so
7fb07dd35000-7fb07dd36000 rw-p 00008000 08:06 802941                     /lib/x86_64-linux-gnu/libnss_compat-2.23.so
7fb07dd36000-7fb07dd63000 r-xp 00000000 08:06 4725849                    /home/benny/android-studio/jre/jre/lib/amd64/libjava.so
7fb07dd63000-7fb07df62000 ---p 0002d000 08:06 4725849                    /home/benny/android-studio/jre/jre/lib/amd64/libjava.so
7fb07df62000-7fb07df63000 r--p 0002c000 08:06 4725849                    /home/benny/android-studio/jre/jre/lib/amd64/libjava.so
7fb07df63000-7fb07df65000 rw-p 0002d000 08:06 4725849                    /home/benny/android-studio/jre/jre/lib/amd64/libjava.so
7fb07df65000-7fb07df75000 r-xp 00000000 08:06 4725868                    /home/benny/android-studio/jre/jre/lib/amd64/libverify.so
7fb07df75000-7fb07e174000 ---p 00010000 08:06 4725868                    /home/benny/android-studio/jre/jre/lib/amd64/libverify.so
7fb07e174000-7fb07e176000 r--p 0000f000 08:06 4725868                    /home/benny/android-studio/jre/jre/lib/amd64/libverify.so
7fb07e176000-7fb07e177000 rw-p 00011000 08:06 4725868                    /home/benny/android-studio/jre/jre/lib/amd64/libverify.so
7fb07e177000-7fb07e17e000 r-xp 00000000 08:06 802937                     /lib/x86_64-linux-gnu/librt-2.23.so
7fb07e17e000-7fb07e37d000 ---p 00007000 08:06 802937                     /lib/x86_64-linux-gnu/librt-2.23.so
7fb07e37d000-7fb07e37e000 r--p 00006000 08:06 802937                     /lib/x86_64-linux-gnu/librt-2.23.so
7fb07e37e000-7fb07e37f000 rw-p 00007000 08:06 802937                     /lib/x86_64-linux-gnu/librt-2.23.so
7fb07e37f000-7fb07e487000 r-xp 00000000 08:06 802946                     /lib/x86_64-linux-gnu/libm-2.23.so
7fb07e487000-7fb07e686000 ---p 00108000 08:06 802946                     /lib/x86_64-linux-gnu/libm-2.23.so
7fb07e686000-7fb07e687000 r--p 00107000 08:06 802946                     /lib/x86_64-linux-gnu/libm-2.23.so
7fb07e687000-7fb07e688000 rw-p 00108000 08:06 802946                     /lib/x86_64-linux-gnu/libm-2.23.so
7fb07e688000-7fb07f280000 r-xp 00000000 08:06 4725859                    /home/benny/android-studio/jre/jre/lib/amd64/server/libjvm.so
7fb07f280000-7fb07f480000 ---p 00bf8000 08:06 4725859                    /home/benny/android-studio/jre/jre/lib/amd64/server/libjvm.so
7fb07f480000-7fb07f51f000 r--p 00bf8000 08:06 4725859                    /home/benny/android-studio/jre/jre/lib/amd64/server/libjvm.so
7fb07f51f000-7fb07f548000 rw-p 00c97000 08:06 4725859                    /home/benny/android-studio/jre/jre/lib/amd64/server/libjvm.so
7fb07f548000-7fb07f58c000 rw-p 00000000 00:00 0 
7fb07f58c000-7fb07f5a4000 r-xp 00000000 08:06 802934                     /lib/x86_64-linux-gnu/libpthread-2.23.so
7fb07f5a4000-7fb07f7a3000 ---p 00018000 08:06 802934                     /lib/x86_64-linux-gnu/libpthread-2.23.so
7fb07f7a3000-7fb07f7a4000 r--p 00017000 08:06 802934                     /lib/x86_64-linux-gnu/libpthread-2.23.so
7fb07f7a4000-7fb07f7a5000 rw-p 00018000 08:06 802934                     /lib/x86_64-linux-gnu/libpthread-2.23.so
7fb07f7a5000-7fb07f7a9000 rw-p 00000000 00:00 0 
7fb07f7a9000-7fb07f7ac000 r-xp 00000000 08:06 802940                     /lib/x86_64-linux-gnu/libdl-2.23.so
7fb07f7ac000-7fb07f9ab000 ---p 00003000 08:06 802940                     /lib/x86_64-linux-gnu/libdl-2.23.so
7fb07f9ab000-7fb07f9ac000 r--p 00002000 08:06 802940                     /lib/x86_64-linux-gnu/libdl-2.23.so
7fb07f9ac000-7fb07f9ad000 rw-p 00003000 08:06 802940                     /lib/x86_64-linux-gnu/libdl-2.23.so
7fb07f9ad000-7fb07fb6d000 r-xp 00000000 08:06 802951                     /lib/x86_64-linux-gnu/libc-2.23.so
7fb07fb6d000-7fb07fd6d000 ---p 001c0000 08:06 802951                     /lib/x86_64-linux-gnu/libc-2.23.so
7fb07fd6d000-7fb07fd71000 r--p 001c0000 08:06 802951                     /lib/x86_64-linux-gnu/libc-2.23.so
7fb07fd71000-7fb07fd73000 rw-p 001c4000 08:06 802951                     /lib/x86_64-linux-gnu/libc-2.23.so
7fb07fd73000-7fb07fd77000 rw-p 00000000 00:00 0 
7fb07fd77000-7fb07fd8d000 r-xp 00000000 08:06 4458872                    /home/benny/android-studio/jre/lib/amd64/jli/libjli.so
7fb07fd8d000-7fb07ff8c000 ---p 00016000 08:06 4458872                    /home/benny/android-studio/jre/lib/amd64/jli/libjli.so
7fb07ff8c000-7fb07ff8d000 r--p 00015000 08:06 4458872                    /home/benny/android-studio/jre/lib/amd64/jli/libjli.so
7fb07ff8d000-7fb07ff8e000 rw-p 00016000 08:06 4458872                    /home/benny/android-studio/jre/lib/amd64/jli/libjli.so
7fb07ff8e000-7fb07ffb4000 r-xp 00000000 08:06 802929                     /lib/x86_64-linux-gnu/ld-2.23.so
7fb07ffb4000-7fb08008e000 rw-p 00000000 00:00 0 
7fb08008e000-7fb080091000 ---p 00000000 00:00 0 
7fb080091000-7fb080193000 rw-p 00000000 00:00 0 
7fb080193000-7fb080195000 r--s 00010000 08:06 2642776                    /home/benny/gitlab/InteraktiveMedien/InteractiveMedia/app/build/intermediates/transforms/stackFramesFixer/customDebugType/2.jar
7fb080195000-7fb0801a0000 r--s 00040000 08:06 1906563                    /home/benny/Android/Sdk/platforms/android-27/optional/org.apache.http.legacy.jar
7fb0801a0000-7fb0801a5000 r--s 0009a000 08:06 4725840                    /home/benny/android-studio/jre/jre/lib/jsse.jar
7fb0801a5000-7fb0801a7000 rw-p 00000000 00:00 0 
7fb0801a7000-7fb0801af000 rw-s 00000000 08:06 2127448                    /tmp/hsperfdata_benny/25394
7fb0801af000-7fb0801b0000 rw-p 00000000 00:00 0 
7fb0801b0000-7fb0801b1000 r--p 00000000 00:00 0 
7fb0801b1000-7fb0801b3000 rw-p 00000000 00:00 0 
7fb0801b3000-7fb0801b4000 r--p 00025000 08:06 802929                     /lib/x86_64-linux-gnu/ld-2.23.so
7fb0801b4000-7fb0801b5000 rw-p 00026000 08:06 802929                     /lib/x86_64-linux-gnu/ld-2.23.so
7fb0801b5000-7fb0801b6000 rw-p 00000000 00:00 0 
7ffce66eb000-7ffce670f000 rw-p 00000000 00:00 0                          [stack]
7ffce6772000-7ffce6774000 r--p 00000000 00:00 0                          [vvar]
7ffce6774000-7ffce6776000 r-xp 00000000 00:00 0                          [vdso]
ffffffffff600000-ffffffffff601000 r-xp 00000000 00:00 0                  [vsyscall]

VM Arguments:
jvm_args: -Djava.awt.headless=true -Xmx64M -Dfile.encoding=UTF-8 -Duser.country=DE -Duser.language=de -Duser.variant 
java_command: com.google.devtools.build.android.desugar.Desugar --input /home/benny/gitlab/InteraktiveMedien/InteractiveMedia/app/build/intermediates/transforms/stackFramesFixer/customDebugType/35.jar --output /home/benny/gitlab/InteraktiveMedien/InteractiveMedia/app/build/intermediates/transforms/desugar/customDebugType/36.jar --input /home/benny/gitlab/InteraktiveMedien/InteractiveMedia/app/build/intermediates/transforms/stackFramesFixer/customDebugType/22.jar --output /home/benny/gitlab/InteraktiveMedien/InteractiveMedia/app/build/intermediates/transforms/desugar/customDebugType/23.jar --input /home/benny/gitlab/InteraktiveMedien/InteractiveMedia/app/build/intermediates/transforms/stackFramesFixer/customDebugType/9.jar --output /home/benny/gitlab/InteraktiveMedien/InteractiveMedia/app/build/intermediates/transforms/desugar/customDebugType/10.jar --input /home/benny/gitlab/InteraktiveMedien/InteractiveMedia/app/build/intermediates/transforms/stackFramesFixer/customDebugType/14.jar --output /home/benny/gitlab/InteraktiveMedien/InteractiveMedia/app/build/intermediates/transforms/desugar/customDebugType/15.jar --input /home/benny/gitlab/InteraktiveMedien/InteractiveMedia/app/build/intermediates/transforms/stackFramesFixer/customDebugType/20.jar --output /home/benny/gitlab/InteraktiveMedien/InteractiveMedia/app/build/intermediates/transforms/desugar/customDebugType/21.jar --input /home/benny/gitlab/InteraktiveMedien/InteractiveMedia/app/build/intermediates/transforms/stackFramesFixer/customDebugType/43.jar --output /home/benny/gitlab/InteraktiveMedien/InteractiveMedia/app/build/intermediates/transforms/desugar/customDebugType/44.jar --classpath_entry /home/benny/gitlab/InteraktiveMedien/InteractiveMedia/app/build/intermediates/classes/customDebugType --classpath_entry /home/benny/gitlab/InteraktiveMedien/InteractiveMedia/app/build/intermediates/transforms/stackFramesFixer/customDebugType/0.jar --classpath_entry /home/benny/gitlab/InteraktiveMedien/InteractiveMedia/a
java_class_path (initial): /tmp/desugar_deploy.jar3666529980624926600
Launcher Type: SUN_STANDARD

Environment Variables:
JAVA_HOME=/usr/lib/jvm/java-8-oracle
PATH=/home/benny/bin:/home/benny/.local/bin:/usr/local/sbin:/usr/local/bin:/usr/sbin:/usr/bin:/sbin:/bin:/usr/games:/usr/local/games:/snap/bin:/usr/lib/jvm/java-8-oracle/bin:/usr/lib/jvm/java-8-oracle/db/bin:/usr/lib/jvm/java-8-oracle/jre/bin
SHELL=/bin/bash
DISPLAY=:0

Signal Handlers:
SIGSEGV: [libjvm.so+0x9ebc60], sa_mask[0]=11111111011111111101111111111110, sa_flags=SA_RESTART|SA_SIGINFO
SIGBUS: [libjvm.so+0x9ebc60], sa_mask[0]=11111111011111111101111111111110, sa_flags=SA_RESTART|SA_SIGINFO
SIGFPE: [libjvm.so+0x84cf60], sa_mask[0]=11111111011111111101111111111110, sa_flags=SA_RESTART|SA_SIGINFO
SIGPIPE: [libjvm.so+0x84cf60], sa_mask[0]=11111111011111111101111111111110, sa_flags=SA_RESTART|SA_SIGINFO
SIGXFSZ: [libjvm.so+0x84cf60], sa_mask[0]=11111111011111111101111111111110, sa_flags=SA_RESTART|SA_SIGINFO
SIGILL: [libjvm.so+0x84cf60], sa_mask[0]=11111111011111111101111111111110, sa_flags=SA_RESTART|SA_SIGINFO
SIGUSR1: SIG_DFL, sa_mask[0]=00000000000000000000000000000000, sa_flags=none
SIGUSR2: [libjvm.so+0x84ce30], sa_mask[0]=00100000000000000000000000000000, sa_flags=SA_RESTART|SA_SIGINFO
SIGHUP: [libjvm.so+0x84d020], sa_mask[0]=11111111011111111101111111111110, sa_flags=SA_RESTART|SA_SIGINFO
SIGINT: [libjvm.so+0x84d020], sa_mask[0]=11111111011111111101111111111110, sa_flags=SA_RESTART|SA_SIGINFO
SIGTERM: [libjvm.so+0x84d020], sa_mask[0]=11111111011111111101111111111110, sa_flags=SA_RESTART|SA_SIGINFO
SIGQUIT: [libjvm.so+0x84d020], sa_mask[0]=11111111011111111101111111111110, sa_flags=SA_RESTART|SA_SIGINFO


---------------  S Y S T E M  ---------------

OS:DISTRIB_ID=Ubuntu
DISTRIB_RELEASE=16.04
DISTRIB_CODENAME=xenial
DISTRIB_DESCRIPTION="Ubuntu 16.04.1 LTS"

uname:Linux 4.4.0-103-generic #126-Ubuntu SMP Mon Dec 4 16:23:28 UTC 2017 x86_64
libc:glibc 2.23 NPTL 2.23 
rlimit: STACK 8192k, CORE 0k, NPROC 62768, NOFILE 65536, AS infinity
load average:4,81 2,77 2,26

/proc/meminfo:
MemTotal:       16314456 kB
MemFree:          277768 kB
MemAvailable:    2668592 kB
Buffers:          554400 kB
Cached:          2377448 kB
SwapCached:         2172 kB
Active:         12920644 kB
Inactive:        2617808 kB
Active(anon):   11346304 kB
Inactive(anon):  1605760 kB
Active(file):    1574340 kB
Inactive(file):  1012048 kB
Unevictable:         424 kB
Mlocked:             424 kB
SwapTotal:       8000508 kB
SwapFree:        7846276 kB
Dirty:            102928 kB
Writeback:             0 kB
AnonPages:      12606100 kB
Mapped:           908220 kB
Shmem:            344748 kB
Slab:             201312 kB
SReclaimable:     114440 kB
SUnreclaim:        86872 kB
KernelStack:       28752 kB
PageTables:       105700 kB
NFS_Unstable:          0 kB
Bounce:                0 kB
WritebackTmp:          0 kB
CommitLimit:    16157736 kB
Committed_AS:   26770456 kB
VmallocTotal:   34359738367 kB
VmallocUsed:           0 kB
VmallocChunk:          0 kB
HardwareCorrupted:     0 kB
AnonHugePages:   5971968 kB
CmaTotal:              0 kB
CmaFree:               0 kB
HugePages_Total:       0
HugePages_Free:        0
HugePages_Rsvd:        0
HugePages_Surp:        0
Hugepagesize:       2048 kB
DirectMap4k:      416988 kB
DirectMap2M:    16242688 kB


CPU:total 8 (initial active 8) (4 cores per cpu, 2 threads per core) family 6 model 58 stepping 9, cmov, cx8, fxsr, mmx, sse, sse2, sse3, ssse3, sse4.1, sse4.2, popcnt, avx, aes, clmul, erms, ht, tsc, tscinvbit, tscinv

/proc/cpuinfo:
processor	: 0
vendor_id	: GenuineIntel
cpu family	: 6
model		: 58
model name	: Intel(R) Xeon(R) CPU E3-1245 V2 @ 3.40GHz
stepping	: 9
microcode	: 0x1c
cpu MHz		: 3599.882
cache size	: 8192 KB
physical id	: 0
siblings	: 8
core id		: 0
cpu cores	: 4
apicid		: 0
initial apicid	: 0
fpu		: yes
fpu_exception	: yes
cpuid level	: 13
wp		: yes
flags		: fpu vme de pse tsc msr pae mce cx8 apic sep mtrr pge mca cmov pat pse36 clflush dts acpi mmx fxsr sse sse2 ss ht tm pbe syscall nx rdtscp lm constant_tsc arch_perfmon pebs bts rep_good nopl xtopology nonstop_tsc aperfmperf eagerfpu pni pclmulqdq dtes64 monitor ds_cpl vmx smx est tm2 ssse3 cx16 xtpr pdcm pcid sse4_1 sse4_2 x2apic popcnt tsc_deadline_timer aes xsave avx f16c rdrand lahf_lm epb tpr_shadow vnmi flexpriority ept vpid fsgsbase smep erms xsaveopt dtherm ida arat pln pts
bugs		:
bogomips	: 6784.22
clflush size	: 64
cache_alignment	: 64
address sizes	: 36 bits physical, 48 bits virtual
power management:

processor	: 1
vendor_id	: GenuineIntel
cpu family	: 6
model		: 58
model name	: Intel(R) Xeon(R) CPU E3-1245 V2 @ 3.40GHz
stepping	: 9
microcode	: 0x1c
cpu MHz		: 3599.882
cache size	: 8192 KB
physical id	: 0
siblings	: 8
core id		: 1
cpu cores	: 4
apicid		: 2
initial apicid	: 2
fpu		: yes
fpu_exception	: yes
cpuid level	: 13
wp		: yes
flags		: fpu vme de pse tsc msr pae mce cx8 apic sep mtrr pge mca cmov pat pse36 clflush dts acpi mmx fxsr sse sse2 ss ht tm pbe syscall nx rdtscp lm constant_tsc arch_perfmon pebs bts rep_good nopl xtopology nonstop_tsc aperfmperf eagerfpu pni pclmulqdq dtes64 monitor ds_cpl vmx smx est tm2 ssse3 cx16 xtpr pdcm pcid sse4_1 sse4_2 x2apic popcnt tsc_deadline_timer aes xsave avx f16c rdrand lahf_lm epb tpr_shadow vnmi flexpriority ept vpid fsgsbase smep erms xsaveopt dtherm ida arat pln pts
bugs		:
bogomips	: 6784.22
clflush size	: 64
cache_alignment	: 64
address sizes	: 36 bits physical, 48 bits virtual
power management:

processor	: 2
vendor_id	: GenuineIntel
cpu family	: 6
model		: 58
model name	: Intel(R) Xeon(R) CPU E3-1245 V2 @ 3.40GHz
stepping	: 9
microcode	: 0x1c
cpu MHz		: 3599.882
cache size	: 8192 KB
physical id	: 0
siblings	: 8
core id		: 2
cpu cores	: 4
apicid		: 4
initial apicid	: 4
fpu		: yes
fpu_exception	: yes
cpuid level	: 13
wp		: yes
flags		: fpu vme de pse tsc msr pae mce cx8 apic sep mtrr pge mca cmov pat pse36 clflush dts acpi mmx fxsr sse sse2 ss ht tm pbe syscall nx rdtscp lm constant_tsc arch_perfmon pebs bts rep_good nopl xtopology nonstop_tsc aperfmperf eagerfpu pni pclmulqdq dtes64 monitor ds_cpl vmx smx est tm2 ssse3 cx16 xtpr pdcm pcid sse4_1 sse4_2 x2apic popcnt tsc_deadline_timer aes xsave avx f16c rdrand lahf_lm epb tpr_shadow vnmi flexpriority ept vpid fsgsbase smep erms xsaveopt dtherm ida arat pln pts
bugs		:
bogomips	: 6784.22
clflush size	: 64
cache_alignment	: 64
address sizes	: 36 bits physical, 48 bits virtual
power management:

processor	: 3
vendor_id	: GenuineIntel
cpu family	: 6
model		: 58
model name	: Intel(R) Xeon(R) CPU E3-1245 V2 @ 3.40GHz
stepping	: 9
microcode	: 0x1c
cpu MHz		: 3599.882
cache size	: 8192 KB
physical id	: 0
siblings	: 8
core id		: 3
cpu cores	: 4
apicid		: 6
initial apicid	: 6
fpu		: yes
fpu_exception	: yes
cpuid level	: 13
wp		: yes
flags		: fpu vme de pse tsc msr pae mce cx8 apic sep mtrr pge mca cmov pat pse36 clflush dts acpi mmx fxsr sse sse2 ss ht tm pbe syscall nx rdtscp lm constant_tsc arch_perfmon pebs bts rep_good nopl xtopology nonstop_tsc aperfmperf eagerfpu pni pclmulqdq dtes64 monitor ds_cpl vmx smx est tm2 ssse3 cx16 xtpr pdcm pcid sse4_1 sse4_2 x2apic popcnt tsc_deadline_timer aes xsave avx f16c rdrand lahf_lm epb tpr_shadow vnmi flexpriority ept vpid fsgsbase smep erms xsaveopt dtherm ida arat pln pts
bugs		:
bogomips	: 6784.22
clflush size	: 64
cache_alignment	: 64
address sizes	: 36 bits physical, 48 bits virtual
power management:

processor	: 4
vendor_id	: GenuineIntel
cpu family	: 6
model		: 58
model name	: Intel(R) Xeon(R) CPU E3-1245 V2 @ 3.40GHz
stepping	: 9
microcode	: 0x1c
cpu MHz		: 3599.882
cache size	: 8192 KB
physical id	: 0
siblings	: 8
core id		: 0
cpu cores	: 4
apicid		: 1
initial apicid	: 1
fpu		: yes
fpu_exception	: yes
cpuid level	: 13
wp		: yes
flags		: fpu vme de pse tsc msr pae mce cx8 apic sep mtrr pge mca cmov pat pse36 clflush dts acpi mmx fxsr sse sse2 ss ht tm pbe syscall nx rdtscp lm constant_tsc arch_perfmon pebs bts rep_good nopl xtopology nonstop_tsc aperfmperf eagerfpu pni pclmulqdq dtes64 monitor ds_cpl vmx smx est tm2 ssse3 cx16 xtpr pdcm pcid sse4_1 sse4_2 x2apic popcnt tsc_deadline_timer aes xsave avx f16c rdrand lahf_lm epb tpr_shadow vnmi flexpriority ept vpid fsgsbase smep erms xsaveopt dtherm ida arat pln pts
bugs		:
bogomips	: 6784.22
clflush size	: 64
cache_alignment	: 64
address sizes	: 36 bits physical, 48 bits virtual
power management:

processor	: 5
vendor_id	: GenuineIntel
cpu family	: 6
model		: 58
model name	: Intel(R) Xeon(R) CPU E3-1245 V2 @ 3.40GHz
stepping	: 9
microcode	: 0x1c
cpu MHz		: 3599.882
cache size	: 8192 KB
physical id	: 0
siblings	: 8
core id		: 1
cpu cores	: 4
apicid		: 3
initial apicid	: 3
fpu		: yes
fpu_exception	: yes
cpuid level	: 13
wp		: yes
flags		: fpu vme de pse tsc msr pae mce cx8 apic sep mtrr pge mca cmov pat pse36 clflush dts acpi mmx fxsr sse sse2 ss ht tm pbe syscall nx rdtscp lm constant_tsc arch_perfmon pebs bts rep_good nopl xtopology nonstop_tsc aperfmperf eagerfpu pni pclmulqdq dtes64 monitor ds_cpl vmx smx est tm2 ssse3 cx16 xtpr pdcm pcid sse4_1 sse4_2 x2apic popcnt tsc_deadline_timer aes xsave avx f16c rdrand lahf_lm epb tpr_shadow vnmi flexpriority ept vpid fsgsbase smep erms xsaveopt dtherm ida arat pln pts
bugs		:
bogomips	: 6784.22
clflush size	: 64
cache_alignment	: 64
address sizes	: 36 bits physical, 48 bits virtual
power management:

processor	: 6
vendor_id	: GenuineIntel
cpu family	: 6
model		: 58
model name	: Intel(R) Xeon(R) CPU E3-1245 V2 @ 3.40GHz
stepping	: 9
microcode	: 0x1c
cpu MHz		: 3599.882
cache size	: 8192 KB
physical id	: 0
siblings	: 8
core id		: 2
cpu cores	: 4
apicid		: 5
initial apicid	: 5
fpu		: yes
fpu_exception	: yes
cpuid level	: 13
wp		: yes
flags		: fpu vme de pse tsc msr pae mce cx8 apic sep mtrr pge mca cmov pat pse36 clflush dts acpi mmx fxsr sse sse2 ss ht tm pbe syscall nx rdtscp lm constant_tsc arch_perfmon pebs bts rep_good nopl xtopology nonstop_tsc aperfmperf eagerfpu pni pclmulqdq dtes64 monitor ds_cpl vmx smx est tm2 ssse3 cx16 xtpr pdcm pcid sse4_1 sse4_2 x2apic popcnt tsc_deadline_timer aes xsave avx f16c rdrand lahf_lm epb tpr_shadow vnmi flexpriority ept vpid fsgsbase smep erms xsaveopt dtherm ida arat pln pts
bugs		:
bogomips	: 6784.22
clflush size	: 64
cache_alignment	: 64
address sizes	: 36 bits physical, 48 bits virtual
power management:

processor	: 7
vendor_id	: GenuineIntel
cpu family	: 6
model		: 58
model name	: Intel(R) Xeon(R) CPU E3-1245 V2 @ 3.40GHz
stepping	: 9
microcode	: 0x1c
cpu MHz		: 3599.882
cache size	: 8192 KB
physical id	: 0
siblings	: 8
core id		: 3
cpu cores	: 4
apicid		: 7
initial apicid	: 7
fpu		: yes
fpu_exception	: yes
cpuid level	: 13
wp		: yes
flags		: fpu vme de pse tsc msr pae mce cx8 apic sep mtrr pge mca cmov pat pse36 clflush dts acpi mmx fxsr sse sse2 ss ht tm pbe syscall nx rdtscp lm constant_tsc arch_perfmon pebs bts rep_good nopl xtopology nonstop_tsc aperfmperf eagerfpu pni pclmulqdq dtes64 monitor ds_cpl vmx smx est tm2 ssse3 cx16 xtpr pdcm pcid sse4_1 sse4_2 x2apic popcnt tsc_deadline_timer aes xsave avx f16c rdrand lahf_lm epb tpr_shadow vnmi flexpriority ept vpid fsgsbase smep erms xsaveopt dtherm ida arat pln pts
bugs		:
bogomips	: 6784.22
clflush size	: 64
cache_alignment	: 64
address sizes	: 36 bits physical, 48 bits virtual
power management:



Memory: 4k page, physical 16314456k(286152k free), swap 8000508k(7846248k free)

vm_info: OpenJDK 64-Bit Server VM (25.152-b01) for linux-amd64 JRE (1.8.0_152-release-915-b01), built by "builder" with gcc 4.8.4

time: Sat Dec 16 21:12:41 2017
elapsed time: 1 seconds (0d 0h 0m 1s)

