#
# A fatal error has been detected by the Java Runtime Environment:
#
#  SIGSEGV (0xb) at pc=0x00007f39a354e023, pid=19123, tid=0x00007f397ed95700
#
# JRE version: OpenJDK Runtime Environment (8.0_152-b01) (build 1.8.0_152-release-915-b01)
# Java VM: OpenJDK 64-Bit Server VM (25.152-b01 mixed mode linux-amd64 compressed oops)
# Problematic frame:
# V  [libjvm.so+0x3ab023]  NullCheckEliminator::iterate_one(BlockBegin*)+0x43
#
# Failed to write core dump. Core dumps have been disabled. To enable core dumping, try "ulimit -c unlimited" before starting Java again
#
# If you would like to submit a bug report, please visit:
#   http://bugreport.java.com/bugreport/crash.jsp
#

---------------  T H R E A D  ---------------

Current thread (0x00007f399c0cb800):  JavaThread "C1 CompilerThread3" daemon [_thread_in_native, id=19303, stack(0x00007f397ec95000,0x00007f397ed96000)]

siginfo: si_signo: 11 (SIGSEGV), si_code: 1 (SEGV_MAPERR), si_addr: 0x00007f19441094e8

Registers:
RAX=0x00007f394404efe0, RBX=0x00007f1944109480, RCX=0x00007f3944050750, RDX=0x0000000000000038
RSP=0x00007f397ed942b0, RBP=0x00007f397ed94330, RSI=0x0000000000000000, RDI=0x00007f394404efe0
R8 =0x0000000000000000, R9 =0x00007f394404ec30, R10=0x0000002000000000, R11=0x00007f397ed943c0
R12=0x00007f39a404e890, R13=0x00007f397ed943c0, R14=0x00007f394404ebe0, R15=0x0000000000000001
RIP=0x00007f39a354e023, EFLAGS=0x0000000000010206, CSGSFS=0x0000000000000033, ERR=0x0000000000000004
  TRAPNO=0x000000000000000e

Top of Stack: (sp=0x00007f397ed942b0)
0x00007f397ed942b0:   00007f3900000000 0000000000000000
0x00007f397ed942c0:   0000000000000010 00007f399c15cbe0
0x00007f397ed942d0:   0000000000000000 0000000000020000
0x00007f397ed942e0:   0000000000000000 0000000000000000
0x00007f397ed942f0:   00007f394404f890 00000000000001b3
0x00007f397ed94300:   0000000000000008 00007f397ed94460
0x00007f397ed94310:   00007f39a404e890 00007f397ed943c0
0x00007f397ed94320:   00007f394404ebe0 0000000000000001
0x00007f397ed94330:   00007f397ed94450 00007f39a354f048
0x00007f397ed94340:   0000000000050248 00007f39440549e8
0x00007f397ed94350:   00007f394404ebe0 00007f399c0cbf90
0x00007f397ed94360:   00007f394404ca00 00007f394411a130
0x00007f397ed94370:   00007f397ed943e0 00007f397ed943b0
0x00007f397ed94380:   00007f397ed94390 00007f397ed943d0
0x00007f397ed94390:   0000000000000000 00007f399c169540
0x00007f397ed943a0:   00007f3900000000 0000000000000008
0x00007f397ed943b0:   0000000100000000 0000000000000000
0x00007f397ed943c0:   00007f39a400c7c0 00007f397ed94460
0x00007f397ed943d0:   00007f394404efb0 00007f394404ebe0
0x00007f397ed943e0:   00007f394404ec00 0000000000000068
0x00007f397ed943f0:   00007f394404ec70 00007f3900000068
0x00007f397ed94400:   00007f39a400c610 00007f397ed943c0
0x00007f397ed94410:   0000000000000000 00000000ffffffff
0x00007f397ed94420:   00007f397ed94480 00007f397ed94460
0x00007f397ed94430:   00007f397ed944a0 00007f39a404e890
0x00007f397ed94440:   00007f39a406d6c5 00000000ffffffff
0x00007f397ed94450:   00007f397ed94480 00007f39a34f21a0
0x00007f397ed94460:   00007f3944118240 00007f397ed944a0
0x00007f397ed94470:   00007f39a404e890 00007f397ed94760
0x00007f397ed94480:   00007f397ed94530 00007f39a34d3c3b
0x00007f397ed94490:   00007f397ed944c0 00007f3944118240
0x00007f397ed944a0:   00007f39a4000000 0000000000000000 

Instructions: (pc=0x00007f39a354e023)
0x00007f39a354e003:   48 8b 78 20 48 c1 ea 06 48 85 d2 74 0b 48 c1 e2
0x00007f39a354e013:   03 31 f6 e8 15 03 e5 ff 49 c7 45 50 00 00 00 00
0x00007f39a354e023:   48 63 53 68 49 8b 45 30 48 8b 04 d0 48 85 c0 0f
0x00007f39a354e033:   84 ed 03 00 00 48 8b 10 49 8b 7d 20 48 8d 75 a0 

Register to memory mapping:

RAX=0x00007f394404efe0 is an unknown value
RBX=0x00007f1944109480 is an unknown value
RCX=0x00007f3944050750 is an unknown value
RDX=0x0000000000000038 is an unknown value
RSP=0x00007f397ed942b0 is pointing into the stack for thread: 0x00007f399c0cb800
RBP=0x00007f397ed94330 is pointing into the stack for thread: 0x00007f399c0cb800
RSI=0x0000000000000000 is an unknown value
RDI=0x00007f394404efe0 is an unknown value
R8 =0x0000000000000000 is an unknown value
R9 =0x00007f394404ec30 is an unknown value
R10=0x0000002000000000 is an unknown value
R11=0x00007f397ed943c0 is pointing into the stack for thread: 0x00007f399c0cb800
R12=0x00007f39a404e890: <offset 0xeab890> in /home/benny/android-studio/jre/jre/lib/amd64/server/libjvm.so at 0x00007f39a31a3000
R13=0x00007f397ed943c0 is pointing into the stack for thread: 0x00007f399c0cb800
R14=0x00007f394404ebe0 is an unknown value
R15=0x0000000000000001 is an unknown value


Stack: [0x00007f397ec95000,0x00007f397ed96000],  sp=0x00007f397ed942b0,  free space=1020k
Native frames: (J=compiled Java code, j=interpreted, Vv=VM code, C=native code)
V  [libjvm.so+0x3ab023]  NullCheckEliminator::iterate_one(BlockBegin*)+0x43
V  [libjvm.so+0x3ac048]  Optimizer::eliminate_null_checks()+0x308
V  [libjvm.so+0x34f1a0]  IR::eliminate_null_checks()+0x20
V  [libjvm.so+0x330c3b]  Compilation::build_hir()+0x2fb
V  [libjvm.so+0x33209a]  Compilation::compile_java_method()+0xfa
V  [libjvm.so+0x33246a]  Compilation::compile_method()+0x7a
V  [libjvm.so+0x332923]  Compilation::Compilation(AbstractCompiler*, ciEnv*, ciMethod*, int, BufferBlob*)+0x243
V  [libjvm.so+0x333648]  Compiler::compile_method(ciEnv*, ciMethod*, int)+0xa8
V  [libjvm.so+0x471ad2]  CompileBroker::invoke_compiler_on_method(CompileTask*)+0x8b2
V  [libjvm.so+0x472988]  CompileBroker::compiler_thread_loop()+0x4e8
V  [libjvm.so+0x996db8]  JavaThread::thread_main_inner()+0xd8
V  [libjvm.so+0x84e792]  java_start(Thread*)+0xf2
C  [libpthread.so.0+0x76ba]  start_thread+0xca


Current CompileTask:
C1:    266   91  s!   3       sun.misc.URLClassPath::getLoader (243 bytes)


---------------  P R O C E S S  ---------------

Java Threads: ( => current thread )
  0x00007f399c0ce800 JavaThread "Service Thread" daemon [_thread_blocked, id=19304, stack(0x00007f397eb94000,0x00007f397ec95000)]
=>0x00007f399c0cb800 JavaThread "C1 CompilerThread3" daemon [_thread_in_native, id=19303, stack(0x00007f397ec95000,0x00007f397ed96000)]
  0x00007f399c0c9800 JavaThread "C2 CompilerThread2" daemon [_thread_blocked, id=19302, stack(0x00007f397ed96000,0x00007f397ee97000)]
  0x00007f399c0c7800 JavaThread "C2 CompilerThread1" daemon [_thread_blocked, id=19301, stack(0x00007f397ee97000,0x00007f397ef98000)]
  0x00007f399c0c4800 JavaThread "C2 CompilerThread0" daemon [_thread_blocked, id=19300, stack(0x00007f397ef98000,0x00007f397f099000)]
  0x00007f399c0c3000 JavaThread "Signal Dispatcher" daemon [_thread_blocked, id=19299, stack(0x00007f397f099000,0x00007f397f19a000)]
  0x00007f399c090000 JavaThread "Finalizer" daemon [_thread_blocked, id=19230, stack(0x00007f397f5f6000,0x00007f397f6f7000)]
  0x00007f399c08b800 JavaThread "Reference Handler" daemon [_thread_blocked, id=19220, stack(0x00007f397f6f7000,0x00007f397f7f8000)]
  0x00007f399c00e800 JavaThread "main" [_thread_in_vm, id=19130, stack(0x00007f39a4ba9000,0x00007f39a4caa000)]

Other Threads:
  0x00007f399c084000 VMThread [stack: 0x00007f397f7f8000,0x00007f397f8f9000] [id=19201]
  0x00007f399c0d1000 WatcherThread [stack: 0x00007f397ea93000,0x00007f397eb94000] [id=19305]

VM state:not at safepoint (normal execution)

VM Mutex/Monitor currently owned by a thread: None

Heap:
 PSYoungGen      total 18944K, used 2708K [0x00000000feb00000, 0x0000000100000000, 0x0000000100000000)
  eden space 16384K, 16% used [0x00000000feb00000,0x00000000feda5358,0x00000000ffb00000)
  from space 2560K, 0% used [0x00000000ffd80000,0x00000000ffd80000,0x0000000100000000)
  to   space 2560K, 0% used [0x00000000ffb00000,0x00000000ffb00000,0x00000000ffd80000)
 ParOldGen       total 44032K, used 0K [0x00000000fc000000, 0x00000000feb00000, 0x00000000feb00000)
  object space 44032K, 0% used [0x00000000fc000000,0x00000000fc000000,0x00000000feb00000)
 Metaspace       used 4354K, capacity 4948K, committed 5248K, reserved 1056768K
  class space    used 498K, capacity 528K, committed 640K, reserved 1048576K

Card table byte_map: [0x00007f39a4b88000,0x00007f39a4ba9000] byte_map_base: 0x00007f39a43a8000

Marking Bits: (ParMarkBitMap*) 0x00007f39a40783e0
 Begin Bits: [0x00007f39a102d000, 0x00007f39a112d000)
 End Bits:   [0x00007f39a112d000, 0x00007f39a122d000)

Polling page: 0x00007f39a4ccb000

CodeCache: size=245760Kb used=1287Kb max_used=1298Kb free=244472Kb
 bounds [0x00007f398d000000, 0x00007f398d270000, 0x00007f399c000000]
 total_blobs=365 nmethods=92 adapters=188
 compilation: enabled

Compilation events (10 events):
Event: 0,239 Thread 0x00007f399c0cb800 nmethod 85 0x00007f398d13c610 code [0x00007f398d13c880, 0x00007f398d13d488]
Event: 0,239 Thread 0x00007f399c0cb800   86   !   3       java.util.concurrent.ConcurrentHashMap::putVal (362 bytes)
Event: 0,241 Thread 0x00007f399c0cb800 nmethod 86 0x00007f398d13e890 code [0x00007f398d13eb60, 0x00007f398d1404f8]
Event: 0,241 Thread 0x00007f399c0cb800   87       3       java.lang.String::endsWith (17 bytes)
Event: 0,241 Thread 0x00007f399c0cb800 nmethod 87 0x00007f398d13c150 code [0x00007f398d13c2c0, 0x00007f398d13c4e8]
Event: 0,244 Thread 0x00007f399c0cb800   89       3       java.lang.Character::toLowerCase (6 bytes)
Event: 0,244 Thread 0x00007f399c0cb800 nmethod 89 0x00007f398d13b7d0 code [0x00007f398d13b960, 0x00007f398d13bbf8]
Event: 0,246 Thread 0x00007f399c0cb800   90       3       java.util.concurrent.ConcurrentHashMap::putIfAbsent (8 bytes)
Event: 0,246 Thread 0x00007f399c0cb800 nmethod 90 0x00007f398d141190 code [0x00007f398d141300, 0x00007f398d141508]
Event: 0,246 Thread 0x00007f399c0cb800   91  s!   3       sun.misc.URLClassPath::getLoader (243 bytes)

GC Heap History (0 events):
No events

Deoptimization events (0 events):
No events

Classes redefined (0 events):
No events

Internal exceptions (2 events):
Event: 0,036 Thread 0x00007f399c00e800 Exception <a 'java/lang/NoSuchMethodError': Method sun.misc.Unsafe.defineClass(Ljava/lang/String;[BII)Ljava/lang/Class; name or signature does not match> (0x00000000feb07ca8) thrown at [/ssd/Android/AOSP-openjdk-git/jdk8u/hotspot/src/share/vm/prims/jni.cp
Event: 0,036 Thread 0x00007f399c00e800 Exception <a 'java/lang/NoSuchMethodError': Method sun.misc.Unsafe.prefetchRead(Ljava/lang/Object;J)V name or signature does not match> (0x00000000feb07f90) thrown at [/ssd/Android/AOSP-openjdk-git/jdk8u/hotspot/src/share/vm/prims/jni.cpp, line 4011]

Events (10 events):
Event: 0,245 loading class com/google/common/collect/ComparatorOrdering
Event: 0,245 loading class com/google/common/collect/ComparatorOrdering done
Event: 0,246 loading class com/google/common/collect/NaturalOrdering
Event: 0,246 loading class com/google/common/collect/NaturalOrdering done
Event: 0,246 loading class com/google/common/collect/ExplicitOrdering
Event: 0,246 loading class com/google/common/collect/ExplicitOrdering done
Event: 0,247 loading class com/google/common/collect/AllEqualOrdering
Event: 0,247 loading class com/google/common/collect/AllEqualOrdering done
Event: 0,247 loading class com/google/common/collect/UsingToStringOrdering
Event: 0,247 loading class com/google/common/collect/UsingToStringOrdering done


Dynamic libraries:
00400000-00401000 r-xp 00000000 08:06 4458926                            /home/benny/android-studio/jre/bin/java
00600000-00601000 r--p 00000000 08:06 4458926                            /home/benny/android-studio/jre/bin/java
00601000-00602000 rw-p 00001000 08:06 4458926                            /home/benny/android-studio/jre/bin/java
02373000-02394000 rw-p 00000000 00:00 0                                  [heap]
fc000000-1000a0000 rw-p 00000000 00:00 0 
1000a0000-140000000 ---p 00000000 00:00 0 
7f3938000000-7f3938021000 rw-p 00000000 00:00 0 
7f3938021000-7f393c000000 ---p 00000000 00:00 0 
7f393c000000-7f393c021000 rw-p 00000000 00:00 0 
7f393c021000-7f3940000000 ---p 00000000 00:00 0 
7f3940000000-7f3940021000 rw-p 00000000 00:00 0 
7f3940021000-7f3944000000 ---p 00000000 00:00 0 
7f3944000000-7f39443c8000 rw-p 00000000 00:00 0 
7f39443c8000-7f3948000000 ---p 00000000 00:00 0 
7f3948000000-7f394804e000 rw-p 00000000 00:00 0 
7f394804e000-7f394c000000 ---p 00000000 00:00 0 
7f394c000000-7f394c021000 rw-p 00000000 00:00 0 
7f394c021000-7f3950000000 ---p 00000000 00:00 0 
7f3950000000-7f3950021000 rw-p 00000000 00:00 0 
7f3950021000-7f3954000000 ---p 00000000 00:00 0 
7f3954000000-7f3954021000 rw-p 00000000 00:00 0 
7f3954021000-7f3958000000 ---p 00000000 00:00 0 
7f3958000000-7f3958021000 rw-p 00000000 00:00 0 
7f3958021000-7f395c000000 ---p 00000000 00:00 0 
7f395c000000-7f395c021000 rw-p 00000000 00:00 0 
7f395c021000-7f3960000000 ---p 00000000 00:00 0 
7f3960000000-7f3960021000 rw-p 00000000 00:00 0 
7f3960021000-7f3964000000 ---p 00000000 00:00 0 
7f3968000000-7f3968021000 rw-p 00000000 00:00 0 
7f3968021000-7f396c000000 ---p 00000000 00:00 0 
7f3970000000-7f3970021000 rw-p 00000000 00:00 0 
7f3970021000-7f3974000000 ---p 00000000 00:00 0 
7f3974000000-7f3974021000 rw-p 00000000 00:00 0 
7f3974021000-7f3978000000 ---p 00000000 00:00 0 
7f3978000000-7f3978021000 rw-p 00000000 00:00 0 
7f3978021000-7f397c000000 ---p 00000000 00:00 0 
7f397e368000-7f397e669000 rw-p 00000000 00:00 0 
7f397e669000-7f397e67f000 r-xp 00000000 08:06 4725869                    /home/benny/android-studio/jre/jre/lib/amd64/libnet.so
7f397e67f000-7f397e87f000 ---p 00016000 08:06 4725869                    /home/benny/android-studio/jre/jre/lib/amd64/libnet.so
7f397e87f000-7f397e880000 r--p 00016000 08:06 4725869                    /home/benny/android-studio/jre/jre/lib/amd64/libnet.so
7f397e880000-7f397e881000 rw-p 00017000 08:06 4725869                    /home/benny/android-studio/jre/jre/lib/amd64/libnet.so
7f397e881000-7f397e892000 r-xp 00000000 08:06 4725870                    /home/benny/android-studio/jre/jre/lib/amd64/libnio.so
7f397e892000-7f397ea91000 ---p 00011000 08:06 4725870                    /home/benny/android-studio/jre/jre/lib/amd64/libnio.so
7f397ea91000-7f397ea92000 r--p 00010000 08:06 4725870                    /home/benny/android-studio/jre/jre/lib/amd64/libnio.so
7f397ea92000-7f397ea93000 rw-p 00011000 08:06 4725870                    /home/benny/android-studio/jre/jre/lib/amd64/libnio.so
7f397ea93000-7f397ea94000 ---p 00000000 00:00 0 
7f397ea94000-7f397eb94000 rw-p 00000000 00:00 0 
7f397eb94000-7f397eb97000 ---p 00000000 00:00 0 
7f397eb97000-7f397ec95000 rw-p 00000000 00:00 0 
7f397ec95000-7f397ec98000 ---p 00000000 00:00 0 
7f397ec98000-7f397ed96000 rw-p 00000000 00:00 0 
7f397ed96000-7f397ed99000 ---p 00000000 00:00 0 
7f397ed99000-7f397ee97000 rw-p 00000000 00:00 0 
7f397ee97000-7f397ee9a000 ---p 00000000 00:00 0 
7f397ee9a000-7f397ef98000 rw-p 00000000 00:00 0 
7f397ef98000-7f397ef9b000 ---p 00000000 00:00 0 
7f397ef9b000-7f397f099000 rw-p 00000000 00:00 0 
7f397f099000-7f397f09c000 ---p 00000000 00:00 0 
7f397f09c000-7f397f19a000 rw-p 00000000 00:00 0 
7f397f19a000-7f397f5f6000 r--p 00000000 08:06 1966099                    /usr/lib/locale/locale-archive
7f397f5f6000-7f397f5f9000 ---p 00000000 00:00 0 
7f397f5f9000-7f397f6f7000 rw-p 00000000 00:00 0 
7f397f6f7000-7f397f6fa000 ---p 00000000 00:00 0 
7f397f6fa000-7f397f7f8000 rw-p 00000000 00:00 0 
7f397f7f8000-7f397f7f9000 ---p 00000000 00:00 0 
7f397f7f9000-7f3980000000 rw-p 00000000 00:00 0 
7f3980000000-7f3980021000 rw-p 00000000 00:00 0 
7f3980021000-7f3984000000 ---p 00000000 00:00 0 
7f3984000000-7f3984021000 rw-p 00000000 00:00 0 
7f3984021000-7f3988000000 ---p 00000000 00:00 0 
7f3988000000-7f3988021000 rw-p 00000000 00:00 0 
7f3988021000-7f398c000000 ---p 00000000 00:00 0 
7f398c017000-7f398c04c000 r--s 00270000 08:06 1864659                    /tmp/desugar_deploy.jar509991546741100292
7f398c04c000-7f398d000000 rw-p 00000000 00:00 0 
7f398d000000-7f398d270000 rwxp 00000000 00:00 0 
7f398d270000-7f399c000000 ---p 00000000 00:00 0 
7f399c000000-7f399c445000 rw-p 00000000 00:00 0 
7f399c445000-7f39a0000000 ---p 00000000 00:00 0 
7f39a0010000-7f39a05e7000 rw-p 00000000 00:00 0 
7f39a05e7000-7f39a07b7000 r--s 03c46000 08:06 4725841                    /home/benny/android-studio/jre/jre/lib/rt.jar
7f39a07b7000-7f39a0cad000 rw-p 00000000 00:00 0 
7f39a0cad000-7f39a102d000 ---p 00000000 00:00 0 
7f39a102d000-7f39a122d000 rw-p 00000000 00:00 0 
7f39a122d000-7f39a122e000 ---p 00000000 00:00 0 
7f39a122e000-7f39a132e000 rw-p 00000000 00:00 0 
7f39a132e000-7f39a132f000 ---p 00000000 00:00 0 
7f39a132f000-7f39a142f000 rw-p 00000000 00:00 0 
7f39a142f000-7f39a1430000 ---p 00000000 00:00 0 
7f39a1430000-7f39a1530000 rw-p 00000000 00:00 0 
7f39a1530000-7f39a1531000 ---p 00000000 00:00 0 
7f39a1531000-7f39a1631000 rw-p 00000000 00:00 0 
7f39a1631000-7f39a1632000 ---p 00000000 00:00 0 
7f39a1632000-7f39a1732000 rw-p 00000000 00:00 0 
7f39a1732000-7f39a1733000 ---p 00000000 00:00 0 
7f39a1733000-7f39a1833000 rw-p 00000000 00:00 0 
7f39a1833000-7f39a1834000 ---p 00000000 00:00 0 
7f39a1834000-7f39a1934000 rw-p 00000000 00:00 0 
7f39a1934000-7f39a1935000 ---p 00000000 00:00 0 
7f39a1935000-7f39a1a3f000 rw-p 00000000 00:00 0 
7f39a1a3f000-7f39a1df5000 ---p 00000000 00:00 0 
7f39a1df5000-7f39a1e0f000 r-xp 00000000 08:06 4725860                    /home/benny/android-studio/jre/jre/lib/amd64/libzip.so
7f39a1e0f000-7f39a200f000 ---p 0001a000 08:06 4725860                    /home/benny/android-studio/jre/jre/lib/amd64/libzip.so
7f39a200f000-7f39a2010000 r--p 0001a000 08:06 4725860                    /home/benny/android-studio/jre/jre/lib/amd64/libzip.so
7f39a2010000-7f39a2011000 rw-p 0001b000 08:06 4725860                    /home/benny/android-studio/jre/jre/lib/amd64/libzip.so
7f39a2011000-7f39a201c000 r-xp 00000000 08:06 802932                     /lib/x86_64-linux-gnu/libnss_files-2.23.so
7f39a201c000-7f39a221b000 ---p 0000b000 08:06 802932                     /lib/x86_64-linux-gnu/libnss_files-2.23.so
7f39a221b000-7f39a221c000 r--p 0000a000 08:06 802932                     /lib/x86_64-linux-gnu/libnss_files-2.23.so
7f39a221c000-7f39a221d000 rw-p 0000b000 08:06 802932                     /lib/x86_64-linux-gnu/libnss_files-2.23.so
7f39a221d000-7f39a2223000 rw-p 00000000 00:00 0 
7f39a2223000-7f39a222e000 r-xp 00000000 08:06 802935                     /lib/x86_64-linux-gnu/libnss_nis-2.23.so
7f39a222e000-7f39a242d000 ---p 0000b000 08:06 802935                     /lib/x86_64-linux-gnu/libnss_nis-2.23.so
7f39a242d000-7f39a242e000 r--p 0000a000 08:06 802935                     /lib/x86_64-linux-gnu/libnss_nis-2.23.so
7f39a242e000-7f39a242f000 rw-p 0000b000 08:06 802935                     /lib/x86_64-linux-gnu/libnss_nis-2.23.so
7f39a242f000-7f39a2445000 r-xp 00000000 08:06 802928                     /lib/x86_64-linux-gnu/libnsl-2.23.so
7f39a2445000-7f39a2644000 ---p 00016000 08:06 802928                     /lib/x86_64-linux-gnu/libnsl-2.23.so
7f39a2644000-7f39a2645000 r--p 00015000 08:06 802928                     /lib/x86_64-linux-gnu/libnsl-2.23.so
7f39a2645000-7f39a2646000 rw-p 00016000 08:06 802928                     /lib/x86_64-linux-gnu/libnsl-2.23.so
7f39a2646000-7f39a2648000 rw-p 00000000 00:00 0 
7f39a2648000-7f39a2650000 r-xp 00000000 08:06 802941                     /lib/x86_64-linux-gnu/libnss_compat-2.23.so
7f39a2650000-7f39a284f000 ---p 00008000 08:06 802941                     /lib/x86_64-linux-gnu/libnss_compat-2.23.so
7f39a284f000-7f39a2850000 r--p 00007000 08:06 802941                     /lib/x86_64-linux-gnu/libnss_compat-2.23.so
7f39a2850000-7f39a2851000 rw-p 00008000 08:06 802941                     /lib/x86_64-linux-gnu/libnss_compat-2.23.so
7f39a2851000-7f39a287e000 r-xp 00000000 08:06 4725849                    /home/benny/android-studio/jre/jre/lib/amd64/libjava.so
7f39a287e000-7f39a2a7d000 ---p 0002d000 08:06 4725849                    /home/benny/android-studio/jre/jre/lib/amd64/libjava.so
7f39a2a7d000-7f39a2a7e000 r--p 0002c000 08:06 4725849                    /home/benny/android-studio/jre/jre/lib/amd64/libjava.so
7f39a2a7e000-7f39a2a80000 rw-p 0002d000 08:06 4725849                    /home/benny/android-studio/jre/jre/lib/amd64/libjava.so
7f39a2a80000-7f39a2a90000 r-xp 00000000 08:06 4725868                    /home/benny/android-studio/jre/jre/lib/amd64/libverify.so
7f39a2a90000-7f39a2c8f000 ---p 00010000 08:06 4725868                    /home/benny/android-studio/jre/jre/lib/amd64/libverify.so
7f39a2c8f000-7f39a2c91000 r--p 0000f000 08:06 4725868                    /home/benny/android-studio/jre/jre/lib/amd64/libverify.so
7f39a2c91000-7f39a2c92000 rw-p 00011000 08:06 4725868                    /home/benny/android-studio/jre/jre/lib/amd64/libverify.so
7f39a2c92000-7f39a2c99000 r-xp 00000000 08:06 802937                     /lib/x86_64-linux-gnu/librt-2.23.so
7f39a2c99000-7f39a2e98000 ---p 00007000 08:06 802937                     /lib/x86_64-linux-gnu/librt-2.23.so
7f39a2e98000-7f39a2e99000 r--p 00006000 08:06 802937                     /lib/x86_64-linux-gnu/librt-2.23.so
7f39a2e99000-7f39a2e9a000 rw-p 00007000 08:06 802937                     /lib/x86_64-linux-gnu/librt-2.23.so
7f39a2e9a000-7f39a2fa2000 r-xp 00000000 08:06 802946                     /lib/x86_64-linux-gnu/libm-2.23.so
7f39a2fa2000-7f39a31a1000 ---p 00108000 08:06 802946                     /lib/x86_64-linux-gnu/libm-2.23.so
7f39a31a1000-7f39a31a2000 r--p 00107000 08:06 802946                     /lib/x86_64-linux-gnu/libm-2.23.so
7f39a31a2000-7f39a31a3000 rw-p 00108000 08:06 802946                     /lib/x86_64-linux-gnu/libm-2.23.so
7f39a31a3000-7f39a3d9b000 r-xp 00000000 08:06 4725859                    /home/benny/android-studio/jre/jre/lib/amd64/server/libjvm.so
7f39a3d9b000-7f39a3f9b000 ---p 00bf8000 08:06 4725859                    /home/benny/android-studio/jre/jre/lib/amd64/server/libjvm.so
7f39a3f9b000-7f39a403a000 r--p 00bf8000 08:06 4725859                    /home/benny/android-studio/jre/jre/lib/amd64/server/libjvm.so
7f39a403a000-7f39a4063000 rw-p 00c97000 08:06 4725859                    /home/benny/android-studio/jre/jre/lib/amd64/server/libjvm.so
7f39a4063000-7f39a40a7000 rw-p 00000000 00:00 0 
7f39a40a7000-7f39a40bf000 r-xp 00000000 08:06 802934                     /lib/x86_64-linux-gnu/libpthread-2.23.so
7f39a40bf000-7f39a42be000 ---p 00018000 08:06 802934                     /lib/x86_64-linux-gnu/libpthread-2.23.so
7f39a42be000-7f39a42bf000 r--p 00017000 08:06 802934                     /lib/x86_64-linux-gnu/libpthread-2.23.so
7f39a42bf000-7f39a42c0000 rw-p 00018000 08:06 802934                     /lib/x86_64-linux-gnu/libpthread-2.23.so
7f39a42c0000-7f39a42c4000 rw-p 00000000 00:00 0 
7f39a42c4000-7f39a42c7000 r-xp 00000000 08:06 802940                     /lib/x86_64-linux-gnu/libdl-2.23.so
7f39a42c7000-7f39a44c6000 ---p 00003000 08:06 802940                     /lib/x86_64-linux-gnu/libdl-2.23.so
7f39a44c6000-7f39a44c7000 r--p 00002000 08:06 802940                     /lib/x86_64-linux-gnu/libdl-2.23.so
7f39a44c7000-7f39a44c8000 rw-p 00003000 08:06 802940                     /lib/x86_64-linux-gnu/libdl-2.23.so
7f39a44c8000-7f39a4688000 r-xp 00000000 08:06 802951                     /lib/x86_64-linux-gnu/libc-2.23.so
7f39a4688000-7f39a4888000 ---p 001c0000 08:06 802951                     /lib/x86_64-linux-gnu/libc-2.23.so
7f39a4888000-7f39a488c000 r--p 001c0000 08:06 802951                     /lib/x86_64-linux-gnu/libc-2.23.so
7f39a488c000-7f39a488e000 rw-p 001c4000 08:06 802951                     /lib/x86_64-linux-gnu/libc-2.23.so
7f39a488e000-7f39a4892000 rw-p 00000000 00:00 0 
7f39a4892000-7f39a48a8000 r-xp 00000000 08:06 4458872                    /home/benny/android-studio/jre/lib/amd64/jli/libjli.so
7f39a48a8000-7f39a4aa7000 ---p 00016000 08:06 4458872                    /home/benny/android-studio/jre/lib/amd64/jli/libjli.so
7f39a4aa7000-7f39a4aa8000 r--p 00015000 08:06 4458872                    /home/benny/android-studio/jre/lib/amd64/jli/libjli.so
7f39a4aa8000-7f39a4aa9000 rw-p 00016000 08:06 4458872                    /home/benny/android-studio/jre/lib/amd64/jli/libjli.so
7f39a4aa9000-7f39a4acf000 r-xp 00000000 08:06 802929                     /lib/x86_64-linux-gnu/ld-2.23.so
7f39a4acf000-7f39a4ba9000 rw-p 00000000 00:00 0 
7f39a4ba9000-7f39a4bac000 ---p 00000000 00:00 0 
7f39a4bac000-7f39a4cae000 rw-p 00000000 00:00 0 
7f39a4cbb000-7f39a4cc0000 r--s 0009a000 08:06 4725840                    /home/benny/android-studio/jre/jre/lib/jsse.jar
7f39a4cc0000-7f39a4cc2000 rw-p 00000000 00:00 0 
7f39a4cc2000-7f39a4cca000 rw-s 00000000 08:06 1878005                    /tmp/hsperfdata_benny/19123
7f39a4cca000-7f39a4ccb000 rw-p 00000000 00:00 0 
7f39a4ccb000-7f39a4ccc000 r--p 00000000 00:00 0 
7f39a4ccc000-7f39a4cce000 rw-p 00000000 00:00 0 
7f39a4cce000-7f39a4ccf000 r--p 00025000 08:06 802929                     /lib/x86_64-linux-gnu/ld-2.23.so
7f39a4ccf000-7f39a4cd0000 rw-p 00026000 08:06 802929                     /lib/x86_64-linux-gnu/ld-2.23.so
7f39a4cd0000-7f39a4cd1000 rw-p 00000000 00:00 0 
7ffed8135000-7ffed8159000 rw-p 00000000 00:00 0                          [stack]
7ffed81b9000-7ffed81bb000 r--p 00000000 00:00 0                          [vvar]
7ffed81bb000-7ffed81bd000 r-xp 00000000 00:00 0                          [vdso]
ffffffffff600000-ffffffffff601000 r-xp 00000000 00:00 0                  [vsyscall]

VM Arguments:
jvm_args: -Djava.awt.headless=true -Xmx64M -Dfile.encoding=UTF-8 -Duser.country=DE -Duser.language=de -Duser.variant 
java_command: com.google.devtools.build.android.desugar.Desugar --input /home/benny/gitlab/InteraktiveMedien/InteractiveMedia/app/build/intermediates/transforms/stackFramesFixer/debug/31.jar --output /home/benny/gitlab/InteraktiveMedien/InteractiveMedia/app/build/intermediates/transforms/desugar/debug/32.jar --input /home/benny/gitlab/InteraktiveMedien/InteractiveMedia/app/build/intermediates/transforms/stackFramesFixer/debug/25.jar --output /home/benny/gitlab/InteraktiveMedien/InteractiveMedia/app/build/intermediates/transforms/desugar/debug/26.jar --input /home/benny/gitlab/InteraktiveMedien/InteractiveMedia/app/build/intermediates/transforms/stackFramesFixer/debug/19.jar --output /home/benny/gitlab/InteraktiveMedien/InteractiveMedia/app/build/intermediates/transforms/desugar/debug/20.jar --input /home/benny/gitlab/InteraktiveMedien/InteractiveMedia/app/build/intermediates/transforms/stackFramesFixer/debug/10.jar --output /home/benny/gitlab/InteraktiveMedien/InteractiveMedia/app/build/intermediates/transforms/desugar/debug/11.jar --input /home/benny/gitlab/InteraktiveMedien/InteractiveMedia/app/build/intermediates/transforms/stackFramesFixer/debug/0.jar --output /home/benny/gitlab/InteraktiveMedien/InteractiveMedia/app/build/intermediates/transforms/desugar/debug/1.jar --input /home/benny/gitlab/InteraktiveMedien/InteractiveMedia/app/build/intermediates/transforms/stackFramesFixer/debug/21.jar --output /home/benny/gitlab/InteraktiveMedien/InteractiveMedia/app/build/intermediates/transforms/desugar/debug/22.jar --classpath_entry /home/benny/gitlab/InteraktiveMedien/InteractiveMedia/app/build/intermediates/classes/debug --classpath_entry /home/benny/gitlab/InteraktiveMedien/InteractiveMedia/app/build/intermediates/transforms/stackFramesFixer/debug/0.jar --classpath_entry /home/benny/gitlab/InteraktiveMedien/InteractiveMedia/app/build/intermediates/transforms/stackFramesFixer/debug/1.jar --classpath_entry /home/benny/gitlab/InteraktiveMedien/InteractiveMedia/app/bu
java_class_path (initial): /tmp/desugar_deploy.jar509991546741100292
Launcher Type: SUN_STANDARD

Environment Variables:
JAVA_HOME=/usr/lib/jvm/java-8-oracle
PATH=/home/benny/bin:/home/benny/.local/bin:/usr/local/sbin:/usr/local/bin:/usr/sbin:/usr/bin:/sbin:/bin:/usr/games:/usr/local/games:/snap/bin:/usr/lib/jvm/java-8-oracle/bin:/usr/lib/jvm/java-8-oracle/db/bin:/usr/lib/jvm/java-8-oracle/jre/bin
LD_LIBRARY_PATH=./../../android-studio/bin:
SHELL=/bin/bash
DISPLAY=:0

Signal Handlers:
SIGSEGV: [libjvm.so+0x9ebc60], sa_mask[0]=11111111011111111101111111111110, sa_flags=SA_RESTART|SA_SIGINFO
SIGBUS: [libjvm.so+0x9ebc60], sa_mask[0]=11111111011111111101111111111110, sa_flags=SA_RESTART|SA_SIGINFO
SIGFPE: [libjvm.so+0x84cf60], sa_mask[0]=11111111011111111101111111111110, sa_flags=SA_RESTART|SA_SIGINFO
SIGPIPE: [libjvm.so+0x84cf60], sa_mask[0]=11111111011111111101111111111110, sa_flags=SA_RESTART|SA_SIGINFO
SIGXFSZ: [libjvm.so+0x84cf60], sa_mask[0]=11111111011111111101111111111110, sa_flags=SA_RESTART|SA_SIGINFO
SIGILL: [libjvm.so+0x84cf60], sa_mask[0]=11111111011111111101111111111110, sa_flags=SA_RESTART|SA_SIGINFO
SIGUSR1: SIG_DFL, sa_mask[0]=00000000000000000000000000000000, sa_flags=none
SIGUSR2: [libjvm.so+0x84ce30], sa_mask[0]=00100000000000000000000000000000, sa_flags=SA_RESTART|SA_SIGINFO
SIGHUP: [libjvm.so+0x84d020], sa_mask[0]=11111111011111111101111111111110, sa_flags=SA_RESTART|SA_SIGINFO
SIGINT: [libjvm.so+0x84d020], sa_mask[0]=11111111011111111101111111111110, sa_flags=SA_RESTART|SA_SIGINFO
SIGTERM: [libjvm.so+0x84d020], sa_mask[0]=11111111011111111101111111111110, sa_flags=SA_RESTART|SA_SIGINFO
SIGQUIT: [libjvm.so+0x84d020], sa_mask[0]=11111111011111111101111111111110, sa_flags=SA_RESTART|SA_SIGINFO


---------------  S Y S T E M  ---------------

OS:DISTRIB_ID=Ubuntu
DISTRIB_RELEASE=16.04
DISTRIB_CODENAME=xenial
DISTRIB_DESCRIPTION="Ubuntu 16.04.1 LTS"

uname:Linux 4.4.0-101-generic #124-Ubuntu SMP Fri Nov 10 18:29:59 UTC 2017 x86_64
libc:glibc 2.23 NPTL 2.23 
rlimit: STACK 8192k, CORE 0k, NPROC 62768, NOFILE 65536, AS infinity
load average:2,05 1,87 1,52

/proc/meminfo:
MemTotal:       16314424 kB
MemFree:          320488 kB
MemAvailable:    5251996 kB
Buffers:         1133292 kB
Cached:          3929840 kB
SwapCached:          148 kB
Active:         11935940 kB
Inactive:        3021704 kB
Active(anon):    9126952 kB
Inactive(anon):  1224644 kB
Active(file):    2808988 kB
Inactive(file):  1797060 kB
Unevictable:         256 kB
Mlocked:             256 kB
SwapTotal:       8000508 kB
SwapFree:        7999680 kB
Dirty:             22408 kB
Writeback:             0 kB
AnonPages:       9896996 kB
Mapped:          1030912 kB
Shmem:            457100 kB
Slab:             765424 kB
SReclaimable:     662712 kB
SUnreclaim:       102712 kB
KernelStack:       21408 kB
PageTables:        94248 kB
NFS_Unstable:          0 kB
Bounce:                0 kB
WritebackTmp:          0 kB
CommitLimit:    16157720 kB
Committed_AS:   22121120 kB
VmallocTotal:   34359738367 kB
VmallocUsed:           0 kB
VmallocChunk:          0 kB
HardwareCorrupted:     0 kB
AnonHugePages:   5132288 kB
CmaTotal:              0 kB
CmaFree:               0 kB
HugePages_Total:       0
HugePages_Free:        0
HugePages_Rsvd:        0
HugePages_Surp:        0
Hugepagesize:       2048 kB
DirectMap4k:      343260 kB
DirectMap2M:    16316416 kB


CPU:total 8 (initial active 8) (4 cores per cpu, 2 threads per core) family 6 model 58 stepping 9, cmov, cx8, fxsr, mmx, sse, sse2, sse3, ssse3, sse4.1, sse4.2, popcnt, avx, aes, clmul, erms, ht, tsc, tscinvbit, tscinv

/proc/cpuinfo:
processor	: 0
vendor_id	: GenuineIntel
cpu family	: 6
model		: 58
model name	: Intel(R) Xeon(R) CPU E3-1245 V2 @ 3.40GHz
stepping	: 9
microcode	: 0x1c
cpu MHz		: 3599.882
cache size	: 8192 KB
physical id	: 0
siblings	: 8
core id		: 0
cpu cores	: 4
apicid		: 0
initial apicid	: 0
fpu		: yes
fpu_exception	: yes
cpuid level	: 13
wp		: yes
flags		: fpu vme de pse tsc msr pae mce cx8 apic sep mtrr pge mca cmov pat pse36 clflush dts acpi mmx fxsr sse sse2 ss ht tm pbe syscall nx rdtscp lm constant_tsc arch_perfmon pebs bts rep_good nopl xtopology nonstop_tsc aperfmperf eagerfpu pni pclmulqdq dtes64 monitor ds_cpl vmx smx est tm2 ssse3 cx16 xtpr pdcm pcid sse4_1 sse4_2 x2apic popcnt tsc_deadline_timer aes xsave avx f16c rdrand lahf_lm epb tpr_shadow vnmi flexpriority ept vpid fsgsbase smep erms xsaveopt dtherm ida arat pln pts
bugs		:
bogomips	: 6784.35
clflush size	: 64
cache_alignment	: 64
address sizes	: 36 bits physical, 48 bits virtual
power management:

processor	: 1
vendor_id	: GenuineIntel
cpu family	: 6
model		: 58
model name	: Intel(R) Xeon(R) CPU E3-1245 V2 @ 3.40GHz
stepping	: 9
microcode	: 0x1c
cpu MHz		: 3599.882
cache size	: 8192 KB
physical id	: 0
siblings	: 8
core id		: 1
cpu cores	: 4
apicid		: 2
initial apicid	: 2
fpu		: yes
fpu_exception	: yes
cpuid level	: 13
wp		: yes
flags		: fpu vme de pse tsc msr pae mce cx8 apic sep mtrr pge mca cmov pat pse36 clflush dts acpi mmx fxsr sse sse2 ss ht tm pbe syscall nx rdtscp lm constant_tsc arch_perfmon pebs bts rep_good nopl xtopology nonstop_tsc aperfmperf eagerfpu pni pclmulqdq dtes64 monitor ds_cpl vmx smx est tm2 ssse3 cx16 xtpr pdcm pcid sse4_1 sse4_2 x2apic popcnt tsc_deadline_timer aes xsave avx f16c rdrand lahf_lm epb tpr_shadow vnmi flexpriority ept vpid fsgsbase smep erms xsaveopt dtherm ida arat pln pts
bugs		:
bogomips	: 6784.35
clflush size	: 64
cache_alignment	: 64
address sizes	: 36 bits physical, 48 bits virtual
power management:

processor	: 2
vendor_id	: GenuineIntel
cpu family	: 6
model		: 58
model name	: Intel(R) Xeon(R) CPU E3-1245 V2 @ 3.40GHz
stepping	: 9
microcode	: 0x1c
cpu MHz		: 3599.882
cache size	: 8192 KB
physical id	: 0
siblings	: 8
core id		: 2
cpu cores	: 4
apicid		: 4
initial apicid	: 4
fpu		: yes
fpu_exception	: yes
cpuid level	: 13
wp		: yes
flags		: fpu vme de pse tsc msr pae mce cx8 apic sep mtrr pge mca cmov pat pse36 clflush dts acpi mmx fxsr sse sse2 ss ht tm pbe syscall nx rdtscp lm constant_tsc arch_perfmon pebs bts rep_good nopl xtopology nonstop_tsc aperfmperf eagerfpu pni pclmulqdq dtes64 monitor ds_cpl vmx smx est tm2 ssse3 cx16 xtpr pdcm pcid sse4_1 sse4_2 x2apic popcnt tsc_deadline_timer aes xsave avx f16c rdrand lahf_lm epb tpr_shadow vnmi flexpriority ept vpid fsgsbase smep erms xsaveopt dtherm ida arat pln pts
bugs		:
bogomips	: 6784.35
clflush size	: 64
cache_alignment	: 64
address sizes	: 36 bits physical, 48 bits virtual
power management:

processor	: 3
vendor_id	: GenuineIntel
cpu family	: 6
model		: 58
model name	: Intel(R) Xeon(R) CPU E3-1245 V2 @ 3.40GHz
stepping	: 9
microcode	: 0x1c
cpu MHz		: 3599.882
cache size	: 8192 KB
physical id	: 0
siblings	: 8
core id		: 3
cpu cores	: 4
apicid		: 6
initial apicid	: 6
fpu		: yes
fpu_exception	: yes
cpuid level	: 13
wp		: yes
flags		: fpu vme de pse tsc msr pae mce cx8 apic sep mtrr pge mca cmov pat pse36 clflush dts acpi mmx fxsr sse sse2 ss ht tm pbe syscall nx rdtscp lm constant_tsc arch_perfmon pebs bts rep_good nopl xtopology nonstop_tsc aperfmperf eagerfpu pni pclmulqdq dtes64 monitor ds_cpl vmx smx est tm2 ssse3 cx16 xtpr pdcm pcid sse4_1 sse4_2 x2apic popcnt tsc_deadline_timer aes xsave avx f16c rdrand lahf_lm epb tpr_shadow vnmi flexpriority ept vpid fsgsbase smep erms xsaveopt dtherm ida arat pln pts
bugs		:
bogomips	: 6784.35
clflush size	: 64
cache_alignment	: 64
address sizes	: 36 bits physical, 48 bits virtual
power management:

processor	: 4
vendor_id	: GenuineIntel
cpu family	: 6
model		: 58
model name	: Intel(R) Xeon(R) CPU E3-1245 V2 @ 3.40GHz
stepping	: 9
microcode	: 0x1c
cpu MHz		: 3599.882
cache size	: 8192 KB
physical id	: 0
siblings	: 8
core id		: 0
cpu cores	: 4
apicid		: 1
initial apicid	: 1
fpu		: yes
fpu_exception	: yes
cpuid level	: 13
wp		: yes
flags		: fpu vme de pse tsc msr pae mce cx8 apic sep mtrr pge mca cmov pat pse36 clflush dts acpi mmx fxsr sse sse2 ss ht tm pbe syscall nx rdtscp lm constant_tsc arch_perfmon pebs bts rep_good nopl xtopology nonstop_tsc aperfmperf eagerfpu pni pclmulqdq dtes64 monitor ds_cpl vmx smx est tm2 ssse3 cx16 xtpr pdcm pcid sse4_1 sse4_2 x2apic popcnt tsc_deadline_timer aes xsave avx f16c rdrand lahf_lm epb tpr_shadow vnmi flexpriority ept vpid fsgsbase smep erms xsaveopt dtherm ida arat pln pts
bugs		:
bogomips	: 6784.35
clflush size	: 64
cache_alignment	: 64
address sizes	: 36 bits physical, 48 bits virtual
power management:

processor	: 5
vendor_id	: GenuineIntel
cpu family	: 6
model		: 58
model name	: Intel(R) Xeon(R) CPU E3-1245 V2 @ 3.40GHz
stepping	: 9
microcode	: 0x1c
cpu MHz		: 3599.882
cache size	: 8192 KB
physical id	: 0
siblings	: 8
core id		: 1
cpu cores	: 4
apicid		: 3
initial apicid	: 3
fpu		: yes
fpu_exception	: yes
cpuid level	: 13
wp		: yes
flags		: fpu vme de pse tsc msr pae mce cx8 apic sep mtrr pge mca cmov pat pse36 clflush dts acpi mmx fxsr sse sse2 ss ht tm pbe syscall nx rdtscp lm constant_tsc arch_perfmon pebs bts rep_good nopl xtopology nonstop_tsc aperfmperf eagerfpu pni pclmulqdq dtes64 monitor ds_cpl vmx smx est tm2 ssse3 cx16 xtpr pdcm pcid sse4_1 sse4_2 x2apic popcnt tsc_deadline_timer aes xsave avx f16c rdrand lahf_lm epb tpr_shadow vnmi flexpriority ept vpid fsgsbase smep erms xsaveopt dtherm ida arat pln pts
bugs		:
bogomips	: 6784.35
clflush size	: 64
cache_alignment	: 64
address sizes	: 36 bits physical, 48 bits virtual
power management:

processor	: 6
vendor_id	: GenuineIntel
cpu family	: 6
model		: 58
model name	: Intel(R) Xeon(R) CPU E3-1245 V2 @ 3.40GHz
stepping	: 9
microcode	: 0x1c
cpu MHz		: 3599.882
cache size	: 8192 KB
physical id	: 0
siblings	: 8
core id		: 2
cpu cores	: 4
apicid		: 5
initial apicid	: 5
fpu		: yes
fpu_exception	: yes
cpuid level	: 13
wp		: yes
flags		: fpu vme de pse tsc msr pae mce cx8 apic sep mtrr pge mca cmov pat pse36 clflush dts acpi mmx fxsr sse sse2 ss ht tm pbe syscall nx rdtscp lm constant_tsc arch_perfmon pebs bts rep_good nopl xtopology nonstop_tsc aperfmperf eagerfpu pni pclmulqdq dtes64 monitor ds_cpl vmx smx est tm2 ssse3 cx16 xtpr pdcm pcid sse4_1 sse4_2 x2apic popcnt tsc_deadline_timer aes xsave avx f16c rdrand lahf_lm epb tpr_shadow vnmi flexpriority ept vpid fsgsbase smep erms xsaveopt dtherm ida arat pln pts
bugs		:
bogomips	: 6784.35
clflush size	: 64
cache_alignment	: 64
address sizes	: 36 bits physical, 48 bits virtual
power management:

processor	: 7
vendor_id	: GenuineIntel
cpu family	: 6
model		: 58
model name	: Intel(R) Xeon(R) CPU E3-1245 V2 @ 3.40GHz
stepping	: 9
microcode	: 0x1c
cpu MHz		: 3599.882
cache size	: 8192 KB
physical id	: 0
siblings	: 8
core id		: 3
cpu cores	: 4
apicid		: 7
initial apicid	: 7
fpu		: yes
fpu_exception	: yes
cpuid level	: 13
wp		: yes
flags		: fpu vme de pse tsc msr pae mce cx8 apic sep mtrr pge mca cmov pat pse36 clflush dts acpi mmx fxsr sse sse2 ss ht tm pbe syscall nx rdtscp lm constant_tsc arch_perfmon pebs bts rep_good nopl xtopology nonstop_tsc aperfmperf eagerfpu pni pclmulqdq dtes64 monitor ds_cpl vmx smx est tm2 ssse3 cx16 xtpr pdcm pcid sse4_1 sse4_2 x2apic popcnt tsc_deadline_timer aes xsave avx f16c rdrand lahf_lm epb tpr_shadow vnmi flexpriority ept vpid fsgsbase smep erms xsaveopt dtherm ida arat pln pts
bugs		:
bogomips	: 6784.35
clflush size	: 64
cache_alignment	: 64
address sizes	: 36 bits physical, 48 bits virtual
power management:



Memory: 4k page, physical 16314424k(320488k free), swap 8000508k(7999680k free)

vm_info: OpenJDK 64-Bit Server VM (25.152-b01) for linux-amd64 JRE (1.8.0_152-release-915-b01), built by "builder" with gcc 4.8.4

time: Mon Nov 27 17:41:48 2017
elapsed time: 0 seconds (0d 0h 0m 0s)

